#
# A fatal error has been detected by the Java Runtime Environment:
#
#  Internal Error (src/hotspot/cpu/x86/relocInfo_x86.cpp:104), pid=30072, tid=13448
#  Error: ShouldNotReachHere()
#
# JRE version: OpenJDK Runtime Environment (11.0.15) (build 11.0.15+0-b2043.56-9505619)
# Java VM: OpenJDK 64-Bit Server VM (11.0.15+0-b2043.56-9505619, mixed mode, tiered, compressed oops, g1 gc, windows-amd64)
# No core dump will be written. Minidumps are not enabled by default on client versions of Windows
#
# If you would like to submit a bug report, please visit:
#   https://bugreport.java.com/bugreport/crash.jsp
#

---------------  S U M M A R Y ------------

Command Line: --add-opens=java.base/java.util=ALL-UNNAMED --add-opens=java.base/java.lang=ALL-UNNAMED --add-opens=java.base/java.lang.invoke=ALL-UNNAMED --add-opens=java.base/java.util=ALL-UNNAMED --add-opens=java.prefs/java.util.prefs=ALL-UNNAMED --add-opens=java.prefs/java.util.prefs=ALL-UNNAMED --add-opens=java.base/java.nio.charset=ALL-UNNAMED --add-opens=java.base/java.net=ALL-UNNAMED --add-opens=java.base/java.util.concurrent.atomic=ALL-UNNAMED -Xmx2048m -Dfile.encoding=UTF-8 -Duser.country=FI -Duser.language=fi -Duser.variant org.gradle.launcher.daemon.bootstrap.GradleDaemon 7.5

Host: Intel(R) Core(TM) i7-8700K CPU @ 3.70GHz, 12 cores, 15G,  Windows 10 , 64 bit Build 19041 (10.0.19041.2364)
Time: Mon Feb  6 22:31:49 2023 Suomen normaaliaika elapsed time: 7.644051 seconds (0d 0h 0m 7s)

---------------  T H R E A D  ---------------

Current thread (0x000002c6ed16f800):  JavaThread "C1 CompilerThread0" daemon [_thread_in_vm, id=13448, stack(0x000000e0cdd00000,0x000000e0cde00000)]


Current CompileTask:
C1:   7644 7335       3       org.gradle.internal.instantiation.generator.AsmBackedClassGenerator$ClassBuilderImpl::visitArrayElements (227 bytes)

Stack: [0x000000e0cdd00000,0x000000e0cde00000]
Native frames: (J=compiled Java code, j=interpreted, Vv=VM code, C=native code)
V  [jvm.dll+0x64135a]
V  [jvm.dll+0x7d39f9]
V  [jvm.dll+0x7d51b9]
V  [jvm.dll+0x7d5857]
V  [jvm.dll+0x2690fc]
V  [jvm.dll+0x269043]
V  [jvm.dll+0x69d244]
V  [jvm.dll+0x69b6e5]
V  [jvm.dll+0x1fe021]
V  [jvm.dll+0x1fc542]
V  [jvm.dll+0x615f43]
V  [jvm.dll+0x618db6]
V  [jvm.dll+0x1bcdf6]
V  [jvm.dll+0x13bb86]
V  [jvm.dll+0x13ae22]
V  [jvm.dll+0x13ccbc]
V  [jvm.dll+0x230479]
V  [jvm.dll+0x22e5ef]
V  [jvm.dll+0x794de1]
V  [jvm.dll+0x78dc24]
V  [jvm.dll+0x6400f6]
C  [ucrtbase.dll+0x21bb2]
C  [KERNEL32.DLL+0x17614]
C  [ntdll.dll+0x526a1]


---------------  P R O C E S S  ---------------

Threads class SMR info:
_java_thread_list=0x000002c6ed9f3d90, length=169, elements={
0x000002c6d1f9d800, 0x000002c6ed0fa800, 0x000002c6ed106000, 0x000002c6ed159800,
0x000002c6ed15a800, 0x000002c6ed15f000, 0x000002c6ed16b800, 0x000002c6ed16f800,
0x000002c6ed175000, 0x000002c6ed2d8800, 0x000002c6f0482800, 0x000002c6ed3e0800,
0x000002c6edf18800, 0x000002c6f0b0e000, 0x000002c6ef619800, 0x000002c6ee2ab000,
0x000002c6f0d03800, 0x000002c6ee76b000, 0x000002c6eec80800, 0x000002c6efd52800,
0x000002c6efd4f800, 0x000002c6efd50800, 0x000002c6efd4e800, 0x000002c6f02cb800,
0x000002c6efefc800, 0x000002c6efd4e000, 0x000002c6efd51000, 0x000002c6efd52000,
0x000002c6efd53800, 0x000002c6efd54800, 0x000002c6efcfb800, 0x000002c6efcff800,
0x000002c6efcff000, 0x000002c6efcfe000, 0x000002c6efcfc800, 0x000002c6efd02000,
0x000002c6efd01800, 0x000002c6efcfd800, 0x000002c6efd04000, 0x000002c6efd06000,
0x000002c6efd05800, 0x000002c6efd07000, 0x000002c6efd04800, 0x000002c6efd08000,
0x000002c6efd08800, 0x000002c6efd03000, 0x000002c6efd09800, 0x000002c6efd0a800,
0x000002c6f28ef800, 0x000002c6f28f4000, 0x000002c6f28ee000, 0x000002c6f28ef000,
0x000002c6f28f2000, 0x000002c6f28f3000, 0x000002c6f28f6000, 0x000002c6f28f0800,
0x000002c6f28f7000, 0x000002c6f28f1800, 0x000002c6f28fa800, 0x000002c6f28f4800,
0x000002c6f28f8000, 0x000002c6f28f8800, 0x000002c6f28fb000, 0x000002c6f28f9800,
0x000002c6f28f5800, 0x000002c6f28fc000, 0x000002c6f28fd000, 0x000002c6f1030000,
0x000002c6f1033000, 0x000002c6f102f000, 0x000002c6f102e800, 0x000002c6f102d800,
0x000002c6f1035000, 0x000002c6f1035800, 0x000002c6f1031800, 0x000002c6f1036800,
0x000002c6f1034000, 0x000002c6f1032800, 0x000002c6f1030800, 0x000002c6f1039800,
0x000002c6f1038000, 0x000002c6f1039000, 0x000002c6f1037800, 0x000002c6f103a800,
0x000002c6f103b800, 0x000002c6f103c000, 0x000002c6ef9e5800, 0x000002c6ef9e3000,
0x000002c6ef9e4000, 0x000002c6ef9e5000, 0x000002c6ef9e0000, 0x000002c6ef9e6800,
0x000002c6ef9e0800, 0x000002c6ef9e7000, 0x000002c6ef9e1800, 0x000002c6ef9e8000,
0x000002c6ef9e2800, 0x000002c6ef9ea800, 0x000002c6ef9eb800, 0x000002c6ef9ee800,
0x000002c6ef9ec000, 0x000002c6ef9e9000, 0x000002c6ef9e9800, 0x000002c6ef9ed000,
0x000002c6ef9ed800, 0x000002c6f0dcc800, 0x000002c6f0dcf000, 0x000002c6f0dcd800,
0x000002c6f0dce000, 0x000002c6f0dd0000, 0x000002c6f0dd6800, 0x000002c6f0dd5800,
0x000002c6f0dd0800, 0x000002c6f0dd7000, 0x000002c6f0dd4000, 0x000002c6f0dd4800,
0x000002c6f0dd2800, 0x000002c6f0dd1800, 0x000002c6f0dd8000, 0x000002c6f0dd3000,
0x000002c6f0dd9000, 0x000002c6f0dda800, 0x000002c6f0dd9800, 0x000002c6f0ddb000,
0x000002c6f2084000, 0x000002c6f2088800, 0x000002c6f2086800, 0x000002c6f2088000,
0x000002c6f2087000, 0x000002c6f2083000, 0x000002c6f2084800, 0x000002c6f2089800,
0x000002c6f2085800, 0x000002c6f208a800, 0x000002c6f2090000, 0x000002c6f2091000,
0x000002c6f208b000, 0x000002c6f208c000, 0x000002c6f208f800, 0x000002c6f2091800,
0x000002c6f208d000, 0x000002c6f208d800, 0x000002c6f208e800, 0x000002c6f0fe5800,
0x000002c6f0fe6800, 0x000002c6f0fe7800, 0x000002c6f0fe8000, 0x000002c6f0fe3800,
0x000002c6f0fe2800, 0x000002c6f0fe9000, 0x000002c6f0fea000, 0x000002c6f0fe4000,
0x000002c6f0fe5000, 0x000002c6f0fee000, 0x000002c6f0fee800, 0x000002c6f0fef800,
0x000002c6f0fea800, 0x000002c6f0ff0800, 0x000002c6f0ff1000, 0x000002c6f0feb800,
0x000002c6f0fec800, 0x000002c6f0fed000, 0x000002c6f0fce000, 0x000002c6f0fcb800,
0x000002c6f0fcf800, 0x000002c6f0fd2000, 0x000002c6f0fd1800, 0x000002c6f0fcf000,
0x000002c6f0fcc800
}

Java Threads: ( => current thread )
  0x000002c6d1f9d800 JavaThread "main" [_thread_blocked, id=1896, stack(0x000000e0cd000000,0x000000e0cd100000)]
  0x000002c6ed0fa800 JavaThread "Reference Handler" daemon [_thread_blocked, id=29496, stack(0x000000e0cd700000,0x000000e0cd800000)]
  0x000002c6ed106000 JavaThread "Finalizer" daemon [_thread_blocked, id=29176, stack(0x000000e0cd800000,0x000000e0cd900000)]
  0x000002c6ed159800 JavaThread "Signal Dispatcher" daemon [_thread_blocked, id=5568, stack(0x000000e0cd900000,0x000000e0cda00000)]
  0x000002c6ed15a800 JavaThread "Attach Listener" daemon [_thread_blocked, id=31168, stack(0x000000e0cda00000,0x000000e0cdb00000)]
  0x000002c6ed15f000 JavaThread "Service Thread" daemon [_thread_blocked, id=27968, stack(0x000000e0cdb00000,0x000000e0cdc00000)]
  0x000002c6ed16b800 JavaThread "C2 CompilerThread0" daemon [_thread_in_vm, id=28272, stack(0x000000e0cdc00000,0x000000e0cdd00000)]
=>0x000002c6ed16f800 JavaThread "C1 CompilerThread0" daemon [_thread_in_vm, id=13448, stack(0x000000e0cdd00000,0x000000e0cde00000)]
  0x000002c6ed175000 JavaThread "Sweeper thread" daemon [_thread_blocked, id=1096, stack(0x000000e0cde00000,0x000000e0cdf00000)]
  0x000002c6ed2d8800 JavaThread "Common-Cleaner" daemon [_thread_blocked, id=9104, stack(0x000000e0cdf00000,0x000000e0ce000000)]
  0x000002c6f0482800 JavaThread "Daemon health stats" [_thread_blocked, id=27584, stack(0x000000e0ce800000,0x000000e0ce900000)]
  0x000002c6ed3e0800 JavaThread "Incoming local TCP Connector on port 63209" [_thread_in_native, id=30460, stack(0x000000e0ce100000,0x000000e0ce200000)]
  0x000002c6edf18800 JavaThread "Daemon periodic checks" [_thread_blocked, id=32824, stack(0x000000e0ce700000,0x000000e0ce800000)]
  0x000002c6f0b0e000 JavaThread "Daemon" [_thread_blocked, id=20044, stack(0x000000e0ce900000,0x000000e0cea00000)]
  0x000002c6ef619800 JavaThread "Handler for socket connection from /127.0.0.1:63209 to /127.0.0.1:63210" [_thread_in_native, id=5300, stack(0x000000e0cea00000,0x000000e0ceb00000)]
  0x000002c6ee2ab000 JavaThread "Cancel handler" [_thread_blocked, id=33484, stack(0x000000e0ceb00000,0x000000e0cec00000)]
  0x000002c6f0d03800 JavaThread "Daemon worker" [_thread_blocked, id=18788, stack(0x000000e0cec00000,0x000000e0ced00000)]
  0x000002c6ee76b000 JavaThread "Asynchronous log dispatcher for DefaultDaemonConnection: socket connection from /127.0.0.1:63209 to /127.0.0.1:63210" [_thread_blocked, id=5872, stack(0x000000e0ced00000,0x000000e0cee00000)]
  0x000002c6eec80800 JavaThread "Stdin handler" [_thread_blocked, id=33520, stack(0x000000e0cee00000,0x000000e0cef00000)]
  0x000002c6efd52800 JavaThread "Daemon client event forwarder" [_thread_blocked, id=33540, stack(0x000000e0cef00000,0x000000e0cf000000)]
  0x000002c6efd4f800 JavaThread "Cache worker for journal cache (C:\Users\antik\.gradle\caches\journal-1)" [_thread_blocked, id=21716, stack(0x000000e0cf000000,0x000000e0cf100000)]
  0x000002c6efd50800 JavaThread "File lock request listener" [_thread_in_native, id=18048, stack(0x000000e0cf100000,0x000000e0cf200000)]
  0x000002c6efd4e800 JavaThread "Cache worker for file hash cache (C:\Users\antik\.gradle\caches\7.5\fileHashes)" [_thread_blocked, id=27928, stack(0x000000e0cf200000,0x000000e0cf300000)]
  0x000002c6f02cb800 JavaThread "C2 CompilerThread1" daemon [_thread_in_vm, id=2836, stack(0x000000e0cf900000,0x000000e0cfa00000)]
  0x000002c6efefc800 JavaThread "C2 CompilerThread2" daemon [_thread_in_vm, id=32836, stack(0x000000e0cfa00000,0x000000e0cfb00000)]
  0x000002c6efd4e000 JavaThread "File watcher server" daemon [_thread_in_native, id=15696, stack(0x000000e0cfb00000,0x000000e0cfc00000)]
  0x000002c6efd51000 JavaThread "File watcher consumer" daemon [_thread_blocked, id=32940, stack(0x000000e0cfc00000,0x000000e0cfd00000)]
  0x000002c6efd52000 JavaThread "Cache worker for checksums cache (C:\Users\antik\AndroidStudioProjects\LoginScreen\.gradle\7.5\checksums)" [_thread_blocked, id=22696, stack(0x000000e0cfd00000,0x000000e0cfe00000)]
  0x000002c6efd53800 JavaThread "Cache worker for cache directory md-rule (C:\Users\antik\.gradle\caches\7.5\md-rule)" [_thread_blocked, id=34556, stack(0x000000e0cfe00000,0x000000e0cff00000)]
  0x000002c6efd54800 JavaThread "Cache worker for file content cache (C:\Users\antik\.gradle\caches\7.5\fileContent)" [_thread_blocked, id=21176, stack(0x000000e0cff00000,0x000000e0d0000000)]
  0x000002c6efcfb800 JavaThread "Cache worker for file hash cache (C:\Users\antik\AndroidStudioProjects\LoginScreen\.gradle\7.5\fileHashes)" [_thread_blocked, id=11776, stack(0x000000e0d0000000,0x000000e0d0100000)]
  0x000002c6efcff800 JavaThread "Cache worker for cache directory md-supplier (C:\Users\antik\.gradle\caches\7.5\md-supplier)" [_thread_blocked, id=33700, stack(0x000000e0d0100000,0x000000e0d0200000)]
  0x000002c6efcff000 JavaThread "Cache worker for execution history cache (C:\Users\antik\.gradle\caches\7.5\executionHistory)" [_thread_blocked, id=1856, stack(0x000000e0d0200000,0x000000e0d0300000)]
  0x000002c6efcfe000 JavaThread "jar transforms" [_thread_blocked, id=34796, stack(0x000000e0d0300000,0x000000e0d0400000)]
  0x000002c6efcfc800 JavaThread "jar transforms Thread 2" [_thread_blocked, id=12776, stack(0x000000e0d0400000,0x000000e0d0500000)]
  0x000002c6efd02000 JavaThread "jar transforms Thread 3" [_thread_blocked, id=33704, stack(0x000000e0d0500000,0x000000e0d0600000)]
  0x000002c6efd01800 JavaThread "jar transforms Thread 4" [_thread_blocked, id=4612, stack(0x000000e0d0600000,0x000000e0d0700000)]
  0x000002c6efcfd800 JavaThread "Cache worker for dependencies-accessors (C:\Users\antik\AndroidStudioProjects\LoginScreen\.gradle\7.5\dependencies-accessors)" [_thread_blocked, id=14296, stack(0x000000e0d0700000,0x000000e0d0800000)]
  0x000002c6efd04000 JavaThread "jar transforms Thread 5" [_thread_blocked, id=30908, stack(0x000000e0d0800000,0x000000e0d0900000)]
  0x000002c6efd06000 JavaThread "Cache worker for Build Output Cleanup Cache (C:\Users\antik\AndroidStudioProjects\LoginScreen\.gradle\buildOutputCleanup)" [_thread_blocked, id=32932, stack(0x000000e0d0900000,0x000000e0d0a00000)]
  0x000002c6efd05800 JavaThread "Unconstrained build operations" [_thread_blocked, id=6712, stack(0x000000e0d0a00000,0x000000e0d0b00000)]
  0x000002c6efd07000 JavaThread "Unconstrained build operations Thread 2" [_thread_blocked, id=5296, stack(0x000000e0d0b00000,0x000000e0d0c00000)]
  0x000002c6efd04800 JavaThread "Unconstrained build operations Thread 3" [_thread_blocked, id=11152, stack(0x000000e0d0c00000,0x000000e0d0d00000)]
  0x000002c6efd08000 JavaThread "Unconstrained build operations Thread 4" [_thread_blocked, id=7708, stack(0x000000e0d0d00000,0x000000e0d0e00000)]
  0x000002c6efd08800 JavaThread "Unconstrained build operations Thread 5" [_thread_blocked, id=2480, stack(0x000000e0d0e00000,0x000000e0d0f00000)]
  0x000002c6efd03000 JavaThread "Unconstrained build operations Thread 6" [_thread_blocked, id=32820, stack(0x000000e0d0f00000,0x000000e0d1000000)]
  0x000002c6efd09800 JavaThread "Unconstrained build operations Thread 7" [_thread_blocked, id=22844, stack(0x000000e0d1000000,0x000000e0d1100000)]
  0x000002c6efd0a800 JavaThread "Unconstrained build operations Thread 8" [_thread_blocked, id=22112, stack(0x000000e0d1100000,0x000000e0d1200000)]
  0x000002c6f28ef800 JavaThread "Unconstrained build operations Thread 9" [_thread_blocked, id=5044, stack(0x000000e0d1200000,0x000000e0d1300000)]
  0x000002c6f28f4000 JavaThread "Unconstrained build operations Thread 10" [_thread_blocked, id=23104, stack(0x000000e0d1300000,0x000000e0d1400000)]
  0x000002c6f28ee000 JavaThread "Unconstrained build operations Thread 11" [_thread_blocked, id=17164, stack(0x000000e0d1400000,0x000000e0d1500000)]
  0x000002c6f28ef000 JavaThread "Unconstrained build operations Thread 12" [_thread_blocked, id=7584, stack(0x000000e0d1500000,0x000000e0d1600000)]
  0x000002c6f28f2000 JavaThread "Unconstrained build operations Thread 13" [_thread_blocked, id=30168, stack(0x000000e0d1600000,0x000000e0d1700000)]
  0x000002c6f28f3000 JavaThread "Unconstrained build operations Thread 14" [_thread_blocked, id=33980, stack(0x000000e0d1700000,0x000000e0d1800000)]
  0x000002c6f28f6000 JavaThread "Unconstrained build operations Thread 15" [_thread_blocked, id=14264, stack(0x000000e0d1800000,0x000000e0d1900000)]
  0x000002c6f28f0800 JavaThread "Unconstrained build operations Thread 16" [_thread_blocked, id=33784, stack(0x000000e0d1900000,0x000000e0d1a00000)]
  0x000002c6f28f7000 JavaThread "Unconstrained build operations Thread 17" [_thread_blocked, id=29720, stack(0x000000e0d1a00000,0x000000e0d1b00000)]
  0x000002c6f28f1800 JavaThread "Unconstrained build operations Thread 18" [_thread_blocked, id=16856, stack(0x000000e0d1b00000,0x000000e0d1c00000)]
  0x000002c6f28fa800 JavaThread "Unconstrained build operations Thread 19" [_thread_blocked, id=31680, stack(0x000000e0d1c00000,0x000000e0d1d00000)]
  0x000002c6f28f4800 JavaThread "Unconstrained build operations Thread 20" [_thread_blocked, id=28292, stack(0x000000e0d1d00000,0x000000e0d1e00000)]
  0x000002c6f28f8000 JavaThread "Unconstrained build operations Thread 21" [_thread_blocked, id=17160, stack(0x000000e0d1e00000,0x000000e0d1f00000)]
  0x000002c6f28f8800 JavaThread "Unconstrained build operations Thread 22" [_thread_blocked, id=7976, stack(0x000000e0d1f00000,0x000000e0d2000000)]
  0x000002c6f28fb000 JavaThread "Unconstrained build operations Thread 23" [_thread_blocked, id=22720, stack(0x000000e0d2000000,0x000000e0d2100000)]
  0x000002c6f28f9800 JavaThread "Unconstrained build operations Thread 24" [_thread_blocked, id=33420, stack(0x000000e0d2100000,0x000000e0d2200000)]
  0x000002c6f28f5800 JavaThread "Unconstrained build operations Thread 25" [_thread_blocked, id=27436, stack(0x000000e0d2200000,0x000000e0d2300000)]
  0x000002c6f28fc000 JavaThread "Unconstrained build operations Thread 26" [_thread_blocked, id=2072, stack(0x000000e0d2300000,0x000000e0d2400000)]
  0x000002c6f28fd000 JavaThread "Unconstrained build operations Thread 27" [_thread_blocked, id=8200, stack(0x000000e0d2400000,0x000000e0d2500000)]
  0x000002c6f1030000 JavaThread "Unconstrained build operations Thread 28" [_thread_blocked, id=21264, stack(0x000000e0d2500000,0x000000e0d2600000)]
  0x000002c6f1033000 JavaThread "Unconstrained build operations Thread 29" [_thread_blocked, id=28804, stack(0x000000e0d2600000,0x000000e0d2700000)]
  0x000002c6f102f000 JavaThread "Unconstrained build operations Thread 30" [_thread_blocked, id=16284, stack(0x000000e0d2700000,0x000000e0d2800000)]
  0x000002c6f102e800 JavaThread "Unconstrained build operations Thread 31" [_thread_blocked, id=13376, stack(0x000000e0d2800000,0x000000e0d2900000)]
  0x000002c6f102d800 JavaThread "Unconstrained build operations Thread 32" [_thread_blocked, id=4680, stack(0x000000e0d2900000,0x000000e0d2a00000)]
  0x000002c6f1035000 JavaThread "Unconstrained build operations Thread 33" [_thread_blocked, id=30664, stack(0x000000e0d2a00000,0x000000e0d2b00000)]
  0x000002c6f1035800 JavaThread "Unconstrained build operations Thread 34" [_thread_blocked, id=17212, stack(0x000000e0d2b00000,0x000000e0d2c00000)]
  0x000002c6f1031800 JavaThread "Unconstrained build operations Thread 35" [_thread_blocked, id=13524, stack(0x000000e0d2c00000,0x000000e0d2d00000)]
  0x000002c6f1036800 JavaThread "Unconstrained build operations Thread 36" [_thread_blocked, id=33632, stack(0x000000e0d2d00000,0x000000e0d2e00000)]
  0x000002c6f1034000 JavaThread "Unconstrained build operations Thread 37" [_thread_blocked, id=34000, stack(0x000000e0d2e00000,0x000000e0d2f00000)]
  0x000002c6f1032800 JavaThread "Unconstrained build operations Thread 38" [_thread_blocked, id=29100, stack(0x000000e0d2f00000,0x000000e0d3000000)]
  0x000002c6f1030800 JavaThread "Unconstrained build operations Thread 39" [_thread_blocked, id=33620, stack(0x000000e0d3000000,0x000000e0d3100000)]
  0x000002c6f1039800 JavaThread "Unconstrained build operations Thread 40" [_thread_blocked, id=30328, stack(0x000000e0d3100000,0x000000e0d3200000)]
  0x000002c6f1038000 JavaThread "Unconstrained build operations Thread 41" [_thread_blocked, id=32128, stack(0x000000e0d3200000,0x000000e0d3300000)]
  0x000002c6f1039000 JavaThread "Unconstrained build operations Thread 42" [_thread_blocked, id=32216, stack(0x000000e0d3300000,0x000000e0d3400000)]
  0x000002c6f1037800 JavaThread "Unconstrained build operations Thread 43" [_thread_blocked, id=9324, stack(0x000000e0d3400000,0x000000e0d3500000)]
  0x000002c6f103a800 JavaThread "Unconstrained build operations Thread 44" [_thread_blocked, id=32868, stack(0x000000e0d3500000,0x000000e0d3600000)]
  0x000002c6f103b800 JavaThread "Unconstrained build operations Thread 45" [_thread_blocked, id=34732, stack(0x000000e0d3600000,0x000000e0d3700000)]
  0x000002c6f103c000 JavaThread "Unconstrained build operations Thread 46" [_thread_blocked, id=30892, stack(0x000000e0d3700000,0x000000e0d3800000)]
  0x000002c6ef9e5800 JavaThread "Unconstrained build operations Thread 47" [_thread_blocked, id=30792, stack(0x000000e0d3800000,0x000000e0d3900000)]
  0x000002c6ef9e3000 JavaThread "Unconstrained build operations Thread 48" [_thread_blocked, id=32316, stack(0x000000e0d3900000,0x000000e0d3a00000)]
  0x000002c6ef9e4000 JavaThread "Unconstrained build operations Thread 49" [_thread_blocked, id=1764, stack(0x000000e0d3a00000,0x000000e0d3b00000)]
  0x000002c6ef9e5000 JavaThread "Unconstrained build operations Thread 50" [_thread_blocked, id=28188, stack(0x000000e0d3b00000,0x000000e0d3c00000)]
  0x000002c6ef9e0000 JavaThread "Unconstrained build operations Thread 51" [_thread_blocked, id=28420, stack(0x000000e0d3c00000,0x000000e0d3d00000)]
  0x000002c6ef9e6800 JavaThread "Unconstrained build operations Thread 52" [_thread_blocked, id=15224, stack(0x000000e0d3d00000,0x000000e0d3e00000)]
  0x000002c6ef9e0800 JavaThread "Unconstrained build operations Thread 53" [_thread_blocked, id=28388, stack(0x000000e0d3e00000,0x000000e0d3f00000)]
  0x000002c6ef9e7000 JavaThread "Unconstrained build operations Thread 54" [_thread_blocked, id=20788, stack(0x000000e0d3f00000,0x000000e0d4000000)]
  0x000002c6ef9e1800 JavaThread "Unconstrained build operations Thread 55" [_thread_blocked, id=17380, stack(0x000000e0d4000000,0x000000e0d4100000)]
  0x000002c6ef9e8000 JavaThread "Unconstrained build operations Thread 56" [_thread_blocked, id=34780, stack(0x000000e0d4100000,0x000000e0d4200000)]
  0x000002c6ef9e2800 JavaThread "Unconstrained build operations Thread 57" [_thread_blocked, id=34508, stack(0x000000e0d4200000,0x000000e0d4300000)]
  0x000002c6ef9ea800 JavaThread "Unconstrained build operations Thread 58" [_thread_blocked, id=28008, stack(0x000000e0d4300000,0x000000e0d4400000)]
  0x000002c6ef9eb800 JavaThread "Unconstrained build operations Thread 59" [_thread_blocked, id=34416, stack(0x000000e0d4400000,0x000000e0d4500000)]
  0x000002c6ef9ee800 JavaThread "Unconstrained build operations Thread 60" [_thread_blocked, id=1380, stack(0x000000e0d4500000,0x000000e0d4600000)]
  0x000002c6ef9ec000 JavaThread "Unconstrained build operations Thread 61" [_thread_blocked, id=34612, stack(0x000000e0d4600000,0x000000e0d4700000)]
  0x000002c6ef9e9000 JavaThread "Unconstrained build operations Thread 62" [_thread_blocked, id=31692, stack(0x000000e0d4700000,0x000000e0d4800000)]
  0x000002c6ef9e9800 JavaThread "Unconstrained build operations Thread 63" [_thread_blocked, id=33172, stack(0x000000e0d4800000,0x000000e0d4900000)]
  0x000002c6ef9ed000 JavaThread "Unconstrained build operations Thread 64" [_thread_blocked, id=17900, stack(0x000000e0d4900000,0x000000e0d4a00000)]
  0x000002c6ef9ed800 JavaThread "Unconstrained build operations Thread 65" [_thread_blocked, id=28144, stack(0x000000e0d4a00000,0x000000e0d4b00000)]
  0x000002c6f0dcc800 JavaThread "Unconstrained build operations Thread 66" [_thread_blocked, id=1068, stack(0x000000e0d4b00000,0x000000e0d4c00000)]
  0x000002c6f0dcf000 JavaThread "Unconstrained build operations Thread 67" [_thread_blocked, id=27136, stack(0x000000e0d4c00000,0x000000e0d4d00000)]
  0x000002c6f0dcd800 JavaThread "Unconstrained build operations Thread 68" [_thread_blocked, id=29012, stack(0x000000e0d4d00000,0x000000e0d4e00000)]
  0x000002c6f0dce000 JavaThread "Unconstrained build operations Thread 69" [_thread_blocked, id=17124, stack(0x000000e0d4e00000,0x000000e0d4f00000)]
  0x000002c6f0dd0000 JavaThread "Unconstrained build operations Thread 70" [_thread_blocked, id=588, stack(0x000000e0d4f00000,0x000000e0d5000000)]
  0x000002c6f0dd6800 JavaThread "Unconstrained build operations Thread 71" [_thread_blocked, id=34712, stack(0x000000e0d5000000,0x000000e0d5100000)]
  0x000002c6f0dd5800 JavaThread "Unconstrained build operations Thread 72" [_thread_blocked, id=30200, stack(0x000000e0d5100000,0x000000e0d5200000)]
  0x000002c6f0dd0800 JavaThread "Unconstrained build operations Thread 73" [_thread_blocked, id=29516, stack(0x000000e0d5200000,0x000000e0d5300000)]
  0x000002c6f0dd7000 JavaThread "Unconstrained build operations Thread 74" [_thread_blocked, id=29436, stack(0x000000e0d5300000,0x000000e0d5400000)]
  0x000002c6f0dd4000 JavaThread "Unconstrained build operations Thread 75" [_thread_blocked, id=30516, stack(0x000000e0d5400000,0x000000e0d5500000)]
  0x000002c6f0dd4800 JavaThread "Unconstrained build operations Thread 76" [_thread_blocked, id=21028, stack(0x000000e0d5500000,0x000000e0d5600000)]
  0x000002c6f0dd2800 JavaThread "Unconstrained build operations Thread 77" [_thread_blocked, id=9488, stack(0x000000e0d5600000,0x000000e0d5700000)]
  0x000002c6f0dd1800 JavaThread "Unconstrained build operations Thread 78" [_thread_blocked, id=4608, stack(0x000000e0d5700000,0x000000e0d5800000)]
  0x000002c6f0dd8000 JavaThread "Unconstrained build operations Thread 79" [_thread_blocked, id=27908, stack(0x000000e0d5800000,0x000000e0d5900000)]
  0x000002c6f0dd3000 JavaThread "Unconstrained build operations Thread 80" [_thread_blocked, id=21324, stack(0x000000e0d5900000,0x000000e0d5a00000)]
  0x000002c6f0dd9000 JavaThread "Unconstrained build operations Thread 81" [_thread_blocked, id=16908, stack(0x000000e0d5a00000,0x000000e0d5b00000)]
  0x000002c6f0dda800 JavaThread "Unconstrained build operations Thread 82" [_thread_blocked, id=30576, stack(0x000000e0d5b00000,0x000000e0d5c00000)]
  0x000002c6f0dd9800 JavaThread "Unconstrained build operations Thread 83" [_thread_blocked, id=21064, stack(0x000000e0d5c00000,0x000000e0d5d00000)]
  0x000002c6f0ddb000 JavaThread "Unconstrained build operations Thread 84" [_thread_blocked, id=32408, stack(0x000000e0d5d00000,0x000000e0d5e00000)]
  0x000002c6f2084000 JavaThread "Unconstrained build operations Thread 85" [_thread_blocked, id=29940, stack(0x000000e0d5e00000,0x000000e0d5f00000)]
  0x000002c6f2088800 JavaThread "Unconstrained build operations Thread 86" [_thread_blocked, id=29244, stack(0x000000e0d5f00000,0x000000e0d6000000)]
  0x000002c6f2086800 JavaThread "Unconstrained build operations Thread 87" [_thread_blocked, id=30716, stack(0x000000e0d6000000,0x000000e0d6100000)]
  0x000002c6f2088000 JavaThread "Unconstrained build operations Thread 88" [_thread_blocked, id=25096, stack(0x000000e0d6100000,0x000000e0d6200000)]
  0x000002c6f2087000 JavaThread "Unconstrained build operations Thread 89" [_thread_blocked, id=27896, stack(0x000000e0d6200000,0x000000e0d6300000)]
  0x000002c6f2083000 JavaThread "Unconstrained build operations Thread 90" [_thread_blocked, id=4652, stack(0x000000e0d6300000,0x000000e0d6400000)]
  0x000002c6f2084800 JavaThread "Unconstrained build operations Thread 91" [_thread_blocked, id=28932, stack(0x000000e0d6400000,0x000000e0d6500000)]
  0x000002c6f2089800 JavaThread "Unconstrained build operations Thread 92" [_thread_blocked, id=14068, stack(0x000000e0d6500000,0x000000e0d6600000)]
  0x000002c6f2085800 JavaThread "Unconstrained build operations Thread 93" [_thread_blocked, id=1824, stack(0x000000e0d6600000,0x000000e0d6700000)]
  0x000002c6f208a800 JavaThread "Unconstrained build operations Thread 94" [_thread_blocked, id=3896, stack(0x000000e0d6700000,0x000000e0d6800000)]
  0x000002c6f2090000 JavaThread "Unconstrained build operations Thread 95" [_thread_blocked, id=12360, stack(0x000000e0d6800000,0x000000e0d6900000)]
  0x000002c6f2091000 JavaThread "Unconstrained build operations Thread 96" [_thread_blocked, id=1760, stack(0x000000e0d6900000,0x000000e0d6a00000)]
  0x000002c6f208b000 JavaThread "Unconstrained build operations Thread 97" [_thread_blocked, id=2356, stack(0x000000e0d6a00000,0x000000e0d6b00000)]
  0x000002c6f208c000 JavaThread "Unconstrained build operations Thread 98" [_thread_blocked, id=31076, stack(0x000000e0d6b00000,0x000000e0d6c00000)]
  0x000002c6f208f800 JavaThread "Unconstrained build operations Thread 99" [_thread_blocked, id=17956, stack(0x000000e0d6c00000,0x000000e0d6d00000)]
  0x000002c6f2091800 JavaThread "Unconstrained build operations Thread 100" [_thread_blocked, id=22316, stack(0x000000e0d6d00000,0x000000e0d6e00000)]
  0x000002c6f208d000 JavaThread "Unconstrained build operations Thread 101" [_thread_blocked, id=31508, stack(0x000000e0d6e00000,0x000000e0d6f00000)]
  0x000002c6f208d800 JavaThread "Unconstrained build operations Thread 102" [_thread_blocked, id=26768, stack(0x000000e0d6f00000,0x000000e0d7000000)]
  0x000002c6f208e800 JavaThread "Unconstrained build operations Thread 103" [_thread_blocked, id=5200, stack(0x000000e0d7000000,0x000000e0d7100000)]
  0x000002c6f0fe5800 JavaThread "Unconstrained build operations Thread 104" [_thread_blocked, id=15232, stack(0x000000e0d7100000,0x000000e0d7200000)]
  0x000002c6f0fe6800 JavaThread "Unconstrained build operations Thread 105" [_thread_blocked, id=27524, stack(0x000000e0d7200000,0x000000e0d7300000)]
  0x000002c6f0fe7800 JavaThread "Unconstrained build operations Thread 106" [_thread_blocked, id=29624, stack(0x000000e0d7300000,0x000000e0d7400000)]
  0x000002c6f0fe8000 JavaThread "Unconstrained build operations Thread 107" [_thread_blocked, id=10672, stack(0x000000e0d7400000,0x000000e0d7500000)]
  0x000002c6f0fe3800 JavaThread "Unconstrained build operations Thread 108" [_thread_blocked, id=28436, stack(0x000000e0d7500000,0x000000e0d7600000)]
  0x000002c6f0fe2800 JavaThread "Unconstrained build operations Thread 109" [_thread_blocked, id=28832, stack(0x000000e0d7600000,0x000000e0d7700000)]
  0x000002c6f0fe9000 JavaThread "Unconstrained build operations Thread 110" [_thread_blocked, id=28480, stack(0x000000e0d7700000,0x000000e0d7800000)]
  0x000002c6f0fea000 JavaThread "Unconstrained build operations Thread 111" [_thread_blocked, id=19228, stack(0x000000e0d7800000,0x000000e0d7900000)]
  0x000002c6f0fe4000 JavaThread "Unconstrained build operations Thread 112" [_thread_blocked, id=16832, stack(0x000000e0d7900000,0x000000e0d7a00000)]
  0x000002c6f0fe5000 JavaThread "Unconstrained build operations Thread 113" [_thread_blocked, id=32600, stack(0x000000e0d7a00000,0x000000e0d7b00000)]
  0x000002c6f0fee000 JavaThread "Unconstrained build operations Thread 114" [_thread_blocked, id=30016, stack(0x000000e0d7b00000,0x000000e0d7c00000)]
  0x000002c6f0fee800 JavaThread "Unconstrained build operations Thread 115" [_thread_blocked, id=33600, stack(0x000000e0d7c00000,0x000000e0d7d00000)]
  0x000002c6f0fef800 JavaThread "Unconstrained build operations Thread 116" [_thread_blocked, id=5488, stack(0x000000e0d7d00000,0x000000e0d7e00000)]
  0x000002c6f0fea800 JavaThread "Unconstrained build operations Thread 117" [_thread_blocked, id=10700, stack(0x000000e0d7e00000,0x000000e0d7f00000)]
  0x000002c6f0ff0800 JavaThread "Unconstrained build operations Thread 118" [_thread_blocked, id=30492, stack(0x000000e0d7f00000,0x000000e0d8000000)]
  0x000002c6f0ff1000 JavaThread "Unconstrained build operations Thread 119" [_thread_blocked, id=16896, stack(0x000000e0d8000000,0x000000e0d8100000)]
  0x000002c6f0feb800 JavaThread "Unconstrained build operations Thread 120" [_thread_blocked, id=11500, stack(0x000000e0d8100000,0x000000e0d8200000)]
  0x000002c6f0fec800 JavaThread "jar transforms Thread 6" [_thread_blocked, id=21216, stack(0x000000e0d8200000,0x000000e0d8300000)]
  0x000002c6f0fed000 JavaThread "jar transforms Thread 7" [_thread_blocked, id=32004, stack(0x000000e0d8300000,0x000000e0d8400000)]
  0x000002c6f0fce000 JavaThread "jar transforms Thread 8" [_thread_blocked, id=31120, stack(0x000000e0d8400000,0x000000e0d8500000)]
  0x000002c6f0fcb800 JavaThread "jar transforms Thread 9" [_thread_blocked, id=19304, stack(0x000000e0d8500000,0x000000e0d8600000)]
  0x000002c6f0fcf800 JavaThread "jar transforms Thread 10" [_thread_blocked, id=30092, stack(0x000000e0d8600000,0x000000e0d8700000)]
  0x000002c6f0fd2000 JavaThread "jar transforms Thread 11" [_thread_blocked, id=26016, stack(0x000000e0d8700000,0x000000e0d8800000)]
  0x000002c6f0fd1800 JavaThread "jar transforms Thread 12" [_thread_blocked, id=32668, stack(0x000000e0d8800000,0x000000e0d8900000)]
  0x000002c6f0fcf000 JavaThread "build event listener" [_thread_blocked, id=32956, stack(0x000000e0d8900000,0x000000e0d8a00000)]
  0x000002c6f0fcc800 JavaThread "Memory manager" [_thread_blocked, id=19988, stack(0x000000e0d8a00000,0x000000e0d8b00000)]

Other Threads:
  0x000002c6ed0f7000 VMThread "VM Thread" [stack: 0x000000e0cd600000,0x000000e0cd700000] [id=31516]
  0x000002c6ed2db800 WatcherThread [stack: 0x000000e0ce000000,0x000000e0ce100000] [id=21196]
  0x000002c6d1fb8800 GCTaskThread "GC Thread#0" [stack: 0x000000e0cd100000,0x000000e0cd200000] [id=32288]
  0x000002c6ee054800 GCTaskThread "GC Thread#1" [stack: 0x000000e0ce200000,0x000000e0ce300000] [id=4420]
  0x000002c6edffd000 GCTaskThread "GC Thread#2" [stack: 0x000000e0ce300000,0x000000e0ce400000] [id=31848]
  0x000002c6edf82000 GCTaskThread "GC Thread#3" [stack: 0x000000e0ce400000,0x000000e0ce500000] [id=7600]
  0x000002c6ede59000 GCTaskThread "GC Thread#4" [stack: 0x000000e0ce500000,0x000000e0ce600000] [id=3144]
  0x000002c6ede59800 GCTaskThread "GC Thread#5" [stack: 0x000000e0ce600000,0x000000e0ce700000] [id=3928]
  0x000002c6efbcb000 GCTaskThread "GC Thread#6" [stack: 0x000000e0cf300000,0x000000e0cf400000] [id=13540]
  0x000002c6ee9f6800 GCTaskThread "GC Thread#7" [stack: 0x000000e0cf400000,0x000000e0cf500000] [id=33168]
  0x000002c6efb28800 GCTaskThread "GC Thread#8" [stack: 0x000000e0cf500000,0x000000e0cf600000] [id=28316]
  0x000002c6edf5d800 GCTaskThread "GC Thread#9" [stack: 0x000000e0cf600000,0x000000e0cf700000] [id=13600]
  0x000002c6d1feb000 ConcurrentGCThread "G1 Main Marker" [stack: 0x000000e0cd200000,0x000000e0cd300000] [id=15936]
  0x000002c6d1fec000 ConcurrentGCThread "G1 Conc#0" [stack: 0x000000e0cd300000,0x000000e0cd400000] [id=30132]
  0x000002c6ee4e1800 ConcurrentGCThread "G1 Conc#1" [stack: 0x000000e0cf700000,0x000000e0cf800000] [id=33120]
  0x000002c6efcc4800 ConcurrentGCThread "G1 Conc#2" [stack: 0x000000e0cf800000,0x000000e0cf900000] [id=34116]
  0x000002c6ec745800 ConcurrentGCThread "G1 Refine#0" [stack: 0x000000e0cd400000,0x000000e0cd500000] [id=12816]
  0x000002c6ec746000 ConcurrentGCThread "G1 Young RemSet Sampling" [stack: 0x000000e0cd500000,0x000000e0cd600000] [id=10420]

Threads with active compile tasks:
C2 CompilerThread0     7673 7331       4       org.objectweb.asm.Frame::push (59 bytes)
C1 CompilerThread0     7673 7335       3       org.gradle.internal.instantiation.generator.AsmBackedClassGenerator$ClassBuilderImpl::visitArrayElements (227 bytes)
C2 CompilerThread1     7673 7329       4       java.util.regex.Pattern::sequence (645 bytes)
C2 CompilerThread2     7673 7232       4       java.lang.invoke.InvokerBytecodeGenerator::emitImplicitConversion (159 bytes)

VM state:not at safepoint (normal execution)

VM Mutex/Monitor currently owned by a thread:  ([mutex/lock_event])
[0x000002c6d1f99c70] CodeCache_lock - owner thread: 0x000002c6ed16f800
[0x000002c6d1f9a570] Compile_lock - owner thread: 0x000002c6ed16f800
[0x000002c6d1f9b650] MethodCompileQueue_lock - owner thread: 0x000002c6ed16f800

Heap address: 0x0000000080000000, size: 2048 MB, Compressed Oops mode: 32-bit
Narrow klass base: 0x0000000000000000, Narrow klass shift: 3
Compressed class space size: 1073741824 Address: 0x0000000100000000

Heap:
 garbage-first heap   total 262144K, used 178818K [0x0000000080000000, 0x0000000100000000)
  region size 1024K, 128 young (131072K), 10 survivors (10240K)
 Metaspace       used 73611K, capacity 75283K, committed 75420K, reserved 1114112K
  class space    used 9547K, capacity 10226K, committed 10264K, reserved 1048576K
Heap Regions: E=young(eden), S=young(survivor), O=old, HS=humongous(starts), HC=humongous(continues), CS=collection set, F=free, A=archive, TAMS=top-at-mark-start (previous, next)
|   0|0x0000000080000000, 0x0000000080100000, 0x0000000080100000|100%| O|  |TAMS 0x0000000080100000, 0x0000000080000000| Untracked 
|   1|0x0000000080100000, 0x0000000080200000, 0x0000000080200000|100%| O|  |TAMS 0x0000000080200000, 0x0000000080100000| Untracked 
|   2|0x0000000080200000, 0x0000000080300000, 0x0000000080300000|100%| O|  |TAMS 0x0000000080300000, 0x0000000080200000| Untracked 
|   3|0x0000000080300000, 0x0000000080400000, 0x0000000080400000|100%|HS|  |TAMS 0x0000000080400000, 0x0000000080300000| Complete 
|   4|0x0000000080400000, 0x0000000080500000, 0x0000000080500000|100%|HC|  |TAMS 0x0000000080500000, 0x0000000080400000| Complete 
|   5|0x0000000080500000, 0x0000000080600000, 0x0000000080600000|100%|HC|  |TAMS 0x0000000080600000, 0x0000000080500000| Complete 
|   6|0x0000000080600000, 0x0000000080700000, 0x0000000080700000|100%| O|  |TAMS 0x0000000080700000, 0x0000000080600000| Untracked 
|   7|0x0000000080700000, 0x0000000080800000, 0x0000000080800000|100%| O|  |TAMS 0x0000000080800000, 0x0000000080700000| Untracked 
|   8|0x0000000080800000, 0x0000000080900000, 0x0000000080900000|100%| O|  |TAMS 0x0000000080900000, 0x0000000080800000| Untracked 
|   9|0x0000000080900000, 0x0000000080a00000, 0x0000000080a00000|100%| O|  |TAMS 0x0000000080a00000, 0x0000000080900000| Untracked 
|  10|0x0000000080a00000, 0x0000000080b00000, 0x0000000080b00000|100%| O|  |TAMS 0x0000000080b00000, 0x0000000080a00000| Untracked 
|  11|0x0000000080b00000, 0x0000000080c00000, 0x0000000080c00000|100%| O|  |TAMS 0x0000000080c00000, 0x0000000080b00000| Untracked 
|  12|0x0000000080c00000, 0x0000000080d00000, 0x0000000080d00000|100%| O|  |TAMS 0x0000000080d00000, 0x0000000080c00000| Untracked 
|  13|0x0000000080d00000, 0x0000000080e00000, 0x0000000080e00000|100%| O|  |TAMS 0x0000000080e00000, 0x0000000080d00000| Untracked 
|  14|0x0000000080e00000, 0x0000000080f00000, 0x0000000080f00000|100%| O|  |TAMS 0x0000000080f00000, 0x0000000080e00000| Untracked 
|  15|0x0000000080f00000, 0x0000000081000000, 0x0000000081000000|100%| O|  |TAMS 0x0000000081000000, 0x0000000080f00000| Untracked 
|  16|0x0000000081000000, 0x0000000081100000, 0x0000000081100000|100%| O|  |TAMS 0x00000000810d0200, 0x0000000081000000| Untracked 
|  17|0x0000000081100000, 0x0000000081200000, 0x0000000081200000|100%|HS|  |TAMS 0x0000000081100000, 0x0000000081100000| Complete 
|  18|0x0000000081200000, 0x0000000081300000, 0x0000000081300000|100%|HS|  |TAMS 0x0000000081200000, 0x0000000081200000| Complete 
|  19|0x0000000081300000, 0x0000000081400000, 0x0000000081400000|100%|HC|  |TAMS 0x0000000081300000, 0x0000000081300000| Complete 
|  20|0x0000000081400000, 0x0000000081500000, 0x0000000081500000|100%|HS|  |TAMS 0x0000000081400000, 0x0000000081400000| Complete 
|  21|0x0000000081500000, 0x0000000081600000, 0x0000000081600000|100%|HS|  |TAMS 0x0000000081500000, 0x0000000081500000| Complete 
|  22|0x0000000081600000, 0x0000000081700000, 0x0000000081700000|100%|HC|  |TAMS 0x0000000081600000, 0x0000000081600000| Complete 
|  23|0x0000000081700000, 0x0000000081800000, 0x0000000081800000|100%|HC|  |TAMS 0x0000000081700000, 0x0000000081700000| Complete 
|  24|0x0000000081800000, 0x0000000081900000, 0x0000000081900000|100%|HC|  |TAMS 0x0000000081800000, 0x0000000081800000| Complete 
|  25|0x0000000081900000, 0x0000000081900000, 0x0000000081a00000|  0%| F|  |TAMS 0x0000000081900000, 0x0000000081900000| Untracked 
|  26|0x0000000081a00000, 0x0000000081b00000, 0x0000000081b00000|100%| O|  |TAMS 0x0000000081a00000, 0x0000000081a00000| Untracked 
|  27|0x0000000081b00000, 0x0000000081c00000, 0x0000000081c00000|100%| O|  |TAMS 0x0000000081b00000, 0x0000000081b00000| Untracked 
|  28|0x0000000081c00000, 0x0000000081d00000, 0x0000000081d00000|100%| O|  |TAMS 0x0000000081c00000, 0x0000000081c00000| Untracked 
|  29|0x0000000081d00000, 0x0000000081e00000, 0x0000000081e00000|100%| O|  |TAMS 0x0000000081d00000, 0x0000000081d00000| Untracked 
|  30|0x0000000081e00000, 0x0000000081f00000, 0x0000000081f00000|100%| O|  |TAMS 0x0000000081e00000, 0x0000000081e00000| Untracked 
|  31|0x0000000081f00000, 0x0000000081f00000, 0x0000000082000000|  0%| F|  |TAMS 0x0000000081f00000, 0x0000000081f00000| Untracked 
|  32|0x0000000082000000, 0x0000000082000000, 0x0000000082100000|  0%| F|  |TAMS 0x0000000082000000, 0x0000000082000000| Untracked 
|  33|0x0000000082100000, 0x0000000082100000, 0x0000000082200000|  0%| F|  |TAMS 0x0000000082100000, 0x0000000082100000| Untracked 
|  34|0x0000000082200000, 0x0000000082200000, 0x0000000082300000|  0%| F|  |TAMS 0x0000000082200000, 0x0000000082200000| Untracked 
|  35|0x0000000082300000, 0x0000000082300000, 0x0000000082400000|  0%| F|  |TAMS 0x0000000082300000, 0x0000000082300000| Untracked 
|  36|0x0000000082400000, 0x0000000082400000, 0x0000000082500000|  0%| F|  |TAMS 0x0000000082400000, 0x0000000082400000| Untracked 
|  37|0x0000000082500000, 0x0000000082500000, 0x0000000082600000|  0%| F|  |TAMS 0x0000000082500000, 0x0000000082500000| Untracked 
|  38|0x0000000082600000, 0x0000000082700000, 0x0000000082700000|100%| O|  |TAMS 0x0000000082600000, 0x0000000082600000| Untracked 
|  39|0x0000000082700000, 0x0000000082800000, 0x0000000082800000|100%| O|  |TAMS 0x0000000082700000, 0x0000000082700000| Untracked 
|  40|0x0000000082800000, 0x0000000082900000, 0x0000000082900000|100%| O|  |TAMS 0x0000000082800000, 0x0000000082800000| Untracked 
|  41|0x0000000082900000, 0x0000000082a00000, 0x0000000082a00000|100%| O|  |TAMS 0x0000000082900000, 0x0000000082900000| Untracked 
|  42|0x0000000082a00000, 0x0000000082b00000, 0x0000000082b00000|100%| O|  |TAMS 0x0000000082a00000, 0x0000000082a00000| Untracked 
|  43|0x0000000082b00000, 0x0000000082c00000, 0x0000000082c00000|100%| O|  |TAMS 0x0000000082b00000, 0x0000000082b00000| Untracked 
|  44|0x0000000082c00000, 0x0000000082d00000, 0x0000000082d00000|100%| O|  |TAMS 0x0000000082c00000, 0x0000000082c00000| Untracked 
|  45|0x0000000082d00000, 0x0000000082e00000, 0x0000000082e00000|100%| O|  |TAMS 0x0000000082d00000, 0x0000000082d00000| Untracked 
|  46|0x0000000082e00000, 0x0000000082f00000, 0x0000000082f00000|100%| O|  |TAMS 0x0000000082e00000, 0x0000000082e00000| Untracked 
|  47|0x0000000082f00000, 0x0000000083000000, 0x0000000083000000|100%| O|  |TAMS 0x0000000082f00000, 0x0000000082f00000| Untracked 
|  48|0x0000000083000000, 0x0000000083100000, 0x0000000083100000|100%| O|  |TAMS 0x0000000083000000, 0x0000000083000000| Untracked 
|  49|0x0000000083100000, 0x0000000083200000, 0x0000000083200000|100%| O|  |TAMS 0x0000000083100000, 0x0000000083100000| Untracked 
|  50|0x0000000083200000, 0x0000000083300000, 0x0000000083300000|100%| O|  |TAMS 0x0000000083200000, 0x0000000083200000| Untracked 
|  51|0x0000000083300000, 0x0000000083400000, 0x0000000083400000|100%| O|  |TAMS 0x0000000083300000, 0x0000000083300000| Untracked 
|  52|0x0000000083400000, 0x0000000083500000, 0x0000000083500000|100%| O|  |TAMS 0x0000000083400000, 0x0000000083400000| Untracked 
|  53|0x0000000083500000, 0x0000000083600000, 0x0000000083600000|100%| O|  |TAMS 0x0000000083500000, 0x0000000083500000| Untracked 
|  54|0x0000000083600000, 0x0000000083700000, 0x0000000083700000|100%| O|  |TAMS 0x0000000083600000, 0x0000000083600000| Untracked 
|  55|0x0000000083700000, 0x0000000083800000, 0x0000000083800000|100%| O|  |TAMS 0x0000000083700000, 0x0000000083700000| Untracked 
|  56|0x0000000083800000, 0x000000008385d200, 0x0000000083900000| 36%| O|  |TAMS 0x0000000083800000, 0x0000000083800000| Untracked 
|  57|0x0000000083900000, 0x0000000083900000, 0x0000000083a00000|  0%| F|  |TAMS 0x0000000083900000, 0x0000000083900000| Untracked 
|  58|0x0000000083a00000, 0x0000000083a00000, 0x0000000083b00000|  0%| F|  |TAMS 0x0000000083a00000, 0x0000000083a00000| Untracked 
|  59|0x0000000083b00000, 0x0000000083b00000, 0x0000000083c00000|  0%| F|  |TAMS 0x0000000083b00000, 0x0000000083b00000| Untracked 
|  60|0x0000000083c00000, 0x0000000083c00000, 0x0000000083d00000|  0%| F|  |TAMS 0x0000000083c00000, 0x0000000083c00000| Untracked 
|  61|0x0000000083d00000, 0x0000000083d00000, 0x0000000083e00000|  0%| F|  |TAMS 0x0000000083d00000, 0x0000000083d00000| Untracked 
|  62|0x0000000083e00000, 0x0000000083e00000, 0x0000000083f00000|  0%| F|  |TAMS 0x0000000083e00000, 0x0000000083e00000| Untracked 
|  63|0x0000000083f00000, 0x0000000083f00000, 0x0000000084000000|  0%| F|  |TAMS 0x0000000083f00000, 0x0000000083f00000| Untracked 
|  64|0x0000000084000000, 0x0000000084000000, 0x0000000084100000|  0%| F|  |TAMS 0x0000000084000000, 0x0000000084000000| Untracked 
|  65|0x0000000084100000, 0x0000000084100000, 0x0000000084200000|  0%| F|  |TAMS 0x0000000084100000, 0x0000000084100000| Untracked 
|  66|0x0000000084200000, 0x0000000084200000, 0x0000000084300000|  0%| F|  |TAMS 0x0000000084200000, 0x0000000084200000| Untracked 
|  67|0x0000000084300000, 0x0000000084300000, 0x0000000084400000|  0%| F|  |TAMS 0x0000000084300000, 0x0000000084300000| Untracked 
|  68|0x0000000084400000, 0x0000000084400000, 0x0000000084500000|  0%| F|  |TAMS 0x0000000084400000, 0x0000000084400000| Untracked 
|  69|0x0000000084500000, 0x0000000084500000, 0x0000000084600000|  0%| F|  |TAMS 0x0000000084500000, 0x0000000084500000| Untracked 
|  70|0x0000000084600000, 0x0000000084600000, 0x0000000084700000|  0%| F|  |TAMS 0x0000000084600000, 0x0000000084600000| Untracked 
|  71|0x0000000084700000, 0x0000000084700000, 0x0000000084800000|  0%| F|  |TAMS 0x0000000084700000, 0x0000000084700000| Untracked 
|  72|0x0000000084800000, 0x0000000084800000, 0x0000000084900000|  0%| F|  |TAMS 0x0000000084800000, 0x0000000084800000| Untracked 
|  73|0x0000000084900000, 0x0000000084900000, 0x0000000084a00000|  0%| F|  |TAMS 0x0000000084900000, 0x0000000084900000| Untracked 
|  74|0x0000000084a00000, 0x0000000084a00000, 0x0000000084b00000|  0%| F|  |TAMS 0x0000000084a00000, 0x0000000084a00000| Untracked 
|  75|0x0000000084b00000, 0x0000000084b00000, 0x0000000084c00000|  0%| F|  |TAMS 0x0000000084b00000, 0x0000000084b00000| Untracked 
|  76|0x0000000084c00000, 0x0000000084c00000, 0x0000000084d00000|  0%| F|  |TAMS 0x0000000084c00000, 0x0000000084c00000| Untracked 
|  77|0x0000000084d00000, 0x0000000084d00000, 0x0000000084e00000|  0%| F|  |TAMS 0x0000000084d00000, 0x0000000084d00000| Untracked 
|  78|0x0000000084e00000, 0x0000000084e00000, 0x0000000084f00000|  0%| F|  |TAMS 0x0000000084e00000, 0x0000000084e00000| Untracked 
|  79|0x0000000084f00000, 0x0000000084f00000, 0x0000000085000000|  0%| F|  |TAMS 0x0000000084f00000, 0x0000000084f00000| Untracked 
|  80|0x0000000085000000, 0x0000000085000000, 0x0000000085100000|  0%| F|  |TAMS 0x0000000085000000, 0x0000000085000000| Untracked 
|  81|0x0000000085100000, 0x0000000085100000, 0x0000000085200000|  0%| F|  |TAMS 0x0000000085100000, 0x0000000085100000| Untracked 
|  82|0x0000000085200000, 0x0000000085200000, 0x0000000085300000|  0%| F|  |TAMS 0x0000000085200000, 0x0000000085200000| Untracked 
|  83|0x0000000085300000, 0x0000000085300000, 0x0000000085400000|  0%| F|  |TAMS 0x0000000085300000, 0x0000000085300000| Untracked 
|  84|0x0000000085400000, 0x0000000085400000, 0x0000000085500000|  0%| F|  |TAMS 0x0000000085400000, 0x0000000085400000| Untracked 
|  85|0x0000000085500000, 0x0000000085500000, 0x0000000085600000|  0%| F|  |TAMS 0x0000000085500000, 0x0000000085500000| Untracked 
|  86|0x0000000085600000, 0x0000000085600000, 0x0000000085700000|  0%| F|  |TAMS 0x0000000085600000, 0x0000000085600000| Untracked 
|  87|0x0000000085700000, 0x0000000085700000, 0x0000000085800000|  0%| F|  |TAMS 0x0000000085700000, 0x0000000085700000| Untracked 
|  88|0x0000000085800000, 0x0000000085800000, 0x0000000085900000|  0%| F|  |TAMS 0x0000000085800000, 0x0000000085800000| Untracked 
|  89|0x0000000085900000, 0x0000000085900000, 0x0000000085a00000|  0%| F|  |TAMS 0x0000000085900000, 0x0000000085900000| Untracked 
|  90|0x0000000085a00000, 0x0000000085a00000, 0x0000000085b00000|  0%| F|  |TAMS 0x0000000085a00000, 0x0000000085a00000| Untracked 
|  91|0x0000000085b00000, 0x0000000085b00000, 0x0000000085c00000|  0%| F|  |TAMS 0x0000000085b00000, 0x0000000085b00000| Untracked 
|  92|0x0000000085c00000, 0x0000000085c00000, 0x0000000085d00000|  0%| F|  |TAMS 0x0000000085c00000, 0x0000000085c00000| Untracked 
|  93|0x0000000085d00000, 0x0000000085d00000, 0x0000000085e00000|  0%| F|  |TAMS 0x0000000085d00000, 0x0000000085d00000| Untracked 
|  94|0x0000000085e00000, 0x0000000085e00000, 0x0000000085f00000|  0%| F|  |TAMS 0x0000000085e00000, 0x0000000085e00000| Untracked 
|  95|0x0000000085f00000, 0x0000000085f00000, 0x0000000086000000|  0%| F|  |TAMS 0x0000000085f00000, 0x0000000085f00000| Untracked 
|  96|0x0000000086000000, 0x0000000086000000, 0x0000000086100000|  0%| F|  |TAMS 0x0000000086000000, 0x0000000086000000| Untracked 
|  97|0x0000000086100000, 0x0000000086100000, 0x0000000086200000|  0%| F|  |TAMS 0x0000000086100000, 0x0000000086100000| Untracked 
|  98|0x0000000086200000, 0x0000000086200000, 0x0000000086300000|  0%| F|  |TAMS 0x0000000086200000, 0x0000000086200000| Untracked 
|  99|0x0000000086300000, 0x0000000086300000, 0x0000000086400000|  0%| F|  |TAMS 0x0000000086300000, 0x0000000086300000| Untracked 
| 100|0x0000000086400000, 0x0000000086400000, 0x0000000086500000|  0%| F|  |TAMS 0x0000000086400000, 0x0000000086400000| Untracked 
| 101|0x0000000086500000, 0x0000000086500000, 0x0000000086600000|  0%| F|  |TAMS 0x0000000086500000, 0x0000000086500000| Untracked 
| 102|0x0000000086600000, 0x0000000086600000, 0x0000000086700000|  0%| F|  |TAMS 0x0000000086600000, 0x0000000086600000| Untracked 
| 103|0x0000000086700000, 0x0000000086700000, 0x0000000086800000|  0%| F|  |TAMS 0x0000000086700000, 0x0000000086700000| Untracked 
| 104|0x0000000086800000, 0x0000000086800000, 0x0000000086900000|  0%| F|  |TAMS 0x0000000086800000, 0x0000000086800000| Untracked 
| 105|0x0000000086900000, 0x0000000086900000, 0x0000000086a00000|  0%| F|  |TAMS 0x0000000086900000, 0x0000000086900000| Untracked 
| 106|0x0000000086a00000, 0x0000000086a00000, 0x0000000086b00000|  0%| F|  |TAMS 0x0000000086a00000, 0x0000000086a00000| Untracked 
| 107|0x0000000086b00000, 0x0000000086b00000, 0x0000000086c00000|  0%| F|  |TAMS 0x0000000086b00000, 0x0000000086b00000| Untracked 
| 108|0x0000000086c00000, 0x0000000086c00000, 0x0000000086d00000|  0%| F|  |TAMS 0x0000000086c00000, 0x0000000086c00000| Untracked 
| 109|0x0000000086d00000, 0x0000000086d00000, 0x0000000086e00000|  0%| F|  |TAMS 0x0000000086d00000, 0x0000000086d00000| Untracked 
| 110|0x0000000086e00000, 0x0000000086e00000, 0x0000000086f00000|  0%| F|  |TAMS 0x0000000086e00000, 0x0000000086e00000| Untracked 
| 111|0x0000000086f00000, 0x0000000086f00000, 0x0000000087000000|  0%| F|  |TAMS 0x0000000086f00000, 0x0000000086f00000| Untracked 
| 112|0x0000000087000000, 0x00000000870438f0, 0x0000000087100000| 26%| S|CS|TAMS 0x0000000087000000, 0x0000000087000000| Complete 
| 113|0x0000000087100000, 0x0000000087200000, 0x0000000087200000|100%| S|CS|TAMS 0x0000000087100000, 0x0000000087100000| Complete 
| 114|0x0000000087200000, 0x0000000087300000, 0x0000000087300000|100%| S|CS|TAMS 0x0000000087200000, 0x0000000087200000| Complete 
| 115|0x0000000087300000, 0x0000000087400000, 0x0000000087400000|100%| S|CS|TAMS 0x0000000087300000, 0x0000000087300000| Complete 
| 116|0x0000000087400000, 0x0000000087500000, 0x0000000087500000|100%| S|CS|TAMS 0x0000000087400000, 0x0000000087400000| Complete 
| 117|0x0000000087500000, 0x0000000087600000, 0x0000000087600000|100%| S|CS|TAMS 0x0000000087500000, 0x0000000087500000| Complete 
| 118|0x0000000087600000, 0x0000000087700000, 0x0000000087700000|100%| S|CS|TAMS 0x0000000087600000, 0x0000000087600000| Complete 
| 119|0x0000000087700000, 0x0000000087800000, 0x0000000087800000|100%| S|CS|TAMS 0x0000000087700000, 0x0000000087700000| Complete 
| 120|0x0000000087800000, 0x0000000087900000, 0x0000000087900000|100%| S|CS|TAMS 0x0000000087800000, 0x0000000087800000| Complete 
| 121|0x0000000087900000, 0x0000000087a00000, 0x0000000087a00000|100%| S|CS|TAMS 0x0000000087900000, 0x0000000087900000| Complete 
| 122|0x0000000087a00000, 0x0000000087a00000, 0x0000000087b00000|  0%| F|  |TAMS 0x0000000087a00000, 0x0000000087a00000| Untracked 
| 123|0x0000000087b00000, 0x0000000087b00000, 0x0000000087c00000|  0%| F|  |TAMS 0x0000000087b00000, 0x0000000087b00000| Untracked 
| 124|0x0000000087c00000, 0x0000000087c00000, 0x0000000087d00000|  0%| F|  |TAMS 0x0000000087c00000, 0x0000000087c00000| Untracked 
| 125|0x0000000087d00000, 0x0000000087d00000, 0x0000000087e00000|  0%| F|  |TAMS 0x0000000087d00000, 0x0000000087d00000| Untracked 
| 126|0x0000000087e00000, 0x0000000087e00000, 0x0000000087f00000|  0%| F|  |TAMS 0x0000000087e00000, 0x0000000087e00000| Untracked 
| 127|0x0000000087f00000, 0x0000000087f00000, 0x0000000088000000|  0%| F|  |TAMS 0x0000000087f00000, 0x0000000087f00000| Untracked 
| 128|0x0000000088000000, 0x0000000088000000, 0x0000000088100000|  0%| F|  |TAMS 0x0000000088000000, 0x0000000088000000| Untracked 
| 129|0x0000000088100000, 0x0000000088100000, 0x0000000088200000|  0%| F|  |TAMS 0x0000000088100000, 0x0000000088100000| Untracked 
| 130|0x0000000088200000, 0x0000000088200000, 0x0000000088300000|  0%| F|  |TAMS 0x0000000088200000, 0x0000000088200000| Untracked 
| 131|0x0000000088300000, 0x0000000088300000, 0x0000000088400000|  0%| F|  |TAMS 0x0000000088300000, 0x0000000088300000| Untracked 
| 132|0x0000000088400000, 0x0000000088400000, 0x0000000088500000|  0%| F|  |TAMS 0x0000000088400000, 0x0000000088400000| Untracked 
| 133|0x0000000088500000, 0x0000000088500000, 0x0000000088600000|  0%| F|  |TAMS 0x0000000088500000, 0x0000000088500000| Untracked 
| 134|0x0000000088600000, 0x0000000088600000, 0x0000000088700000|  0%| F|  |TAMS 0x0000000088600000, 0x0000000088600000| Untracked 
| 135|0x0000000088700000, 0x0000000088700000, 0x0000000088800000|  0%| F|  |TAMS 0x0000000088700000, 0x0000000088700000| Untracked 
| 136|0x0000000088800000, 0x0000000088800000, 0x0000000088900000|  0%| F|  |TAMS 0x0000000088800000, 0x0000000088800000| Untracked 
| 137|0x0000000088900000, 0x0000000088900000, 0x0000000088a00000|  0%| F|  |TAMS 0x0000000088900000, 0x0000000088900000| Untracked 
| 138|0x0000000088a00000, 0x0000000088b00000, 0x0000000088b00000|100%| E|  |TAMS 0x0000000088a00000, 0x0000000088a00000| Complete 
| 139|0x0000000088b00000, 0x0000000088c00000, 0x0000000088c00000|100%| E|CS|TAMS 0x0000000088b00000, 0x0000000088b00000| Complete 
| 140|0x0000000088c00000, 0x0000000088d00000, 0x0000000088d00000|100%| E|CS|TAMS 0x0000000088c00000, 0x0000000088c00000| Complete 
| 141|0x0000000088d00000, 0x0000000088e00000, 0x0000000088e00000|100%| E|CS|TAMS 0x0000000088d00000, 0x0000000088d00000| Complete 
| 142|0x0000000088e00000, 0x0000000088f00000, 0x0000000088f00000|100%| E|CS|TAMS 0x0000000088e00000, 0x0000000088e00000| Complete 
| 143|0x0000000088f00000, 0x0000000089000000, 0x0000000089000000|100%| E|CS|TAMS 0x0000000088f00000, 0x0000000088f00000| Complete 
| 144|0x0000000089000000, 0x0000000089100000, 0x0000000089100000|100%| E|CS|TAMS 0x0000000089000000, 0x0000000089000000| Complete 
| 145|0x0000000089100000, 0x0000000089200000, 0x0000000089200000|100%| E|CS|TAMS 0x0000000089100000, 0x0000000089100000| Complete 
| 146|0x0000000089200000, 0x0000000089300000, 0x0000000089300000|100%| E|CS|TAMS 0x0000000089200000, 0x0000000089200000| Complete 
| 147|0x0000000089300000, 0x0000000089400000, 0x0000000089400000|100%| E|CS|TAMS 0x0000000089300000, 0x0000000089300000| Complete 
| 148|0x0000000089400000, 0x0000000089500000, 0x0000000089500000|100%| E|CS|TAMS 0x0000000089400000, 0x0000000089400000| Complete 
| 149|0x0000000089500000, 0x0000000089600000, 0x0000000089600000|100%| E|CS|TAMS 0x0000000089500000, 0x0000000089500000| Complete 
| 150|0x0000000089600000, 0x0000000089700000, 0x0000000089700000|100%| E|CS|TAMS 0x0000000089600000, 0x0000000089600000| Complete 
| 151|0x0000000089700000, 0x0000000089800000, 0x0000000089800000|100%| E|CS|TAMS 0x0000000089700000, 0x0000000089700000| Complete 
| 152|0x0000000089800000, 0x0000000089900000, 0x0000000089900000|100%| E|CS|TAMS 0x0000000089800000, 0x0000000089800000| Complete 
| 153|0x0000000089900000, 0x0000000089a00000, 0x0000000089a00000|100%| E|CS|TAMS 0x0000000089900000, 0x0000000089900000| Complete 
| 154|0x0000000089a00000, 0x0000000089b00000, 0x0000000089b00000|100%| E|CS|TAMS 0x0000000089a00000, 0x0000000089a00000| Complete 
| 155|0x0000000089b00000, 0x0000000089c00000, 0x0000000089c00000|100%| E|CS|TAMS 0x0000000089b00000, 0x0000000089b00000| Complete 
| 156|0x0000000089c00000, 0x0000000089d00000, 0x0000000089d00000|100%| E|CS|TAMS 0x0000000089c00000, 0x0000000089c00000| Complete 
| 157|0x0000000089d00000, 0x0000000089e00000, 0x0000000089e00000|100%| E|CS|TAMS 0x0000000089d00000, 0x0000000089d00000| Complete 
| 158|0x0000000089e00000, 0x0000000089f00000, 0x0000000089f00000|100%| E|CS|TAMS 0x0000000089e00000, 0x0000000089e00000| Complete 
| 159|0x0000000089f00000, 0x000000008a000000, 0x000000008a000000|100%| E|CS|TAMS 0x0000000089f00000, 0x0000000089f00000| Complete 
| 160|0x000000008a000000, 0x000000008a100000, 0x000000008a100000|100%| E|CS|TAMS 0x000000008a000000, 0x000000008a000000| Complete 
| 161|0x000000008a100000, 0x000000008a200000, 0x000000008a200000|100%| E|CS|TAMS 0x000000008a100000, 0x000000008a100000| Complete 
| 162|0x000000008a200000, 0x000000008a300000, 0x000000008a300000|100%| E|CS|TAMS 0x000000008a200000, 0x000000008a200000| Complete 
| 163|0x000000008a300000, 0x000000008a400000, 0x000000008a400000|100%| E|CS|TAMS 0x000000008a300000, 0x000000008a300000| Complete 
| 164|0x000000008a400000, 0x000000008a500000, 0x000000008a500000|100%| E|CS|TAMS 0x000000008a400000, 0x000000008a400000| Complete 
| 165|0x000000008a500000, 0x000000008a600000, 0x000000008a600000|100%| E|CS|TAMS 0x000000008a500000, 0x000000008a500000| Complete 
| 166|0x000000008a600000, 0x000000008a700000, 0x000000008a700000|100%| E|CS|TAMS 0x000000008a600000, 0x000000008a600000| Complete 
| 167|0x000000008a700000, 0x000000008a800000, 0x000000008a800000|100%| E|CS|TAMS 0x000000008a700000, 0x000000008a700000| Complete 
| 168|0x000000008a800000, 0x000000008a900000, 0x000000008a900000|100%| E|CS|TAMS 0x000000008a800000, 0x000000008a800000| Complete 
| 169|0x000000008a900000, 0x000000008aa00000, 0x000000008aa00000|100%| E|CS|TAMS 0x000000008a900000, 0x000000008a900000| Complete 
| 170|0x000000008aa00000, 0x000000008ab00000, 0x000000008ab00000|100%| E|CS|TAMS 0x000000008aa00000, 0x000000008aa00000| Complete 
| 171|0x000000008ab00000, 0x000000008ac00000, 0x000000008ac00000|100%| E|CS|TAMS 0x000000008ab00000, 0x000000008ab00000| Complete 
| 172|0x000000008ac00000, 0x000000008ad00000, 0x000000008ad00000|100%| E|CS|TAMS 0x000000008ac00000, 0x000000008ac00000| Complete 
| 173|0x000000008ad00000, 0x000000008ae00000, 0x000000008ae00000|100%| E|CS|TAMS 0x000000008ad00000, 0x000000008ad00000| Complete 
| 174|0x000000008ae00000, 0x000000008af00000, 0x000000008af00000|100%| E|CS|TAMS 0x000000008ae00000, 0x000000008ae00000| Complete 
| 175|0x000000008af00000, 0x000000008b000000, 0x000000008b000000|100%| E|CS|TAMS 0x000000008af00000, 0x000000008af00000| Complete 
| 176|0x000000008b000000, 0x000000008b100000, 0x000000008b100000|100%| E|CS|TAMS 0x000000008b000000, 0x000000008b000000| Complete 
| 177|0x000000008b100000, 0x000000008b200000, 0x000000008b200000|100%| E|CS|TAMS 0x000000008b100000, 0x000000008b100000| Complete 
| 178|0x000000008b200000, 0x000000008b300000, 0x000000008b300000|100%| E|CS|TAMS 0x000000008b200000, 0x000000008b200000| Complete 
| 179|0x000000008b300000, 0x000000008b400000, 0x000000008b400000|100%| E|CS|TAMS 0x000000008b300000, 0x000000008b300000| Complete 
| 180|0x000000008b400000, 0x000000008b500000, 0x000000008b500000|100%| E|CS|TAMS 0x000000008b400000, 0x000000008b400000| Complete 
| 181|0x000000008b500000, 0x000000008b600000, 0x000000008b600000|100%| E|CS|TAMS 0x000000008b500000, 0x000000008b500000| Complete 
| 182|0x000000008b600000, 0x000000008b700000, 0x000000008b700000|100%| E|CS|TAMS 0x000000008b600000, 0x000000008b600000| Complete 
| 183|0x000000008b700000, 0x000000008b800000, 0x000000008b800000|100%| E|CS|TAMS 0x000000008b700000, 0x000000008b700000| Complete 
| 184|0x000000008b800000, 0x000000008b900000, 0x000000008b900000|100%| E|CS|TAMS 0x000000008b800000, 0x000000008b800000| Complete 
| 185|0x000000008b900000, 0x000000008ba00000, 0x000000008ba00000|100%| E|CS|TAMS 0x000000008b900000, 0x000000008b900000| Complete 
| 186|0x000000008ba00000, 0x000000008bb00000, 0x000000008bb00000|100%| E|CS|TAMS 0x000000008ba00000, 0x000000008ba00000| Complete 
| 187|0x000000008bb00000, 0x000000008bc00000, 0x000000008bc00000|100%| E|CS|TAMS 0x000000008bb00000, 0x000000008bb00000| Complete 
| 188|0x000000008bc00000, 0x000000008bd00000, 0x000000008bd00000|100%| E|CS|TAMS 0x000000008bc00000, 0x000000008bc00000| Complete 
| 189|0x000000008bd00000, 0x000000008be00000, 0x000000008be00000|100%| E|CS|TAMS 0x000000008bd00000, 0x000000008bd00000| Complete 
| 190|0x000000008be00000, 0x000000008bf00000, 0x000000008bf00000|100%| E|CS|TAMS 0x000000008be00000, 0x000000008be00000| Complete 
| 191|0x000000008bf00000, 0x000000008c000000, 0x000000008c000000|100%| E|CS|TAMS 0x000000008bf00000, 0x000000008bf00000| Complete 
| 192|0x000000008c000000, 0x000000008c100000, 0x000000008c100000|100%| E|CS|TAMS 0x000000008c000000, 0x000000008c000000| Complete 
| 193|0x000000008c100000, 0x000000008c200000, 0x000000008c200000|100%| E|CS|TAMS 0x000000008c100000, 0x000000008c100000| Complete 
| 194|0x000000008c200000, 0x000000008c300000, 0x000000008c300000|100%| E|CS|TAMS 0x000000008c200000, 0x000000008c200000| Complete 
| 195|0x000000008c300000, 0x000000008c400000, 0x000000008c400000|100%| E|CS|TAMS 0x000000008c300000, 0x000000008c300000| Complete 
| 196|0x000000008c400000, 0x000000008c500000, 0x000000008c500000|100%| E|CS|TAMS 0x000000008c400000, 0x000000008c400000| Complete 
| 197|0x000000008c500000, 0x000000008c600000, 0x000000008c600000|100%| E|CS|TAMS 0x000000008c500000, 0x000000008c500000| Complete 
| 198|0x000000008c600000, 0x000000008c700000, 0x000000008c700000|100%| E|CS|TAMS 0x000000008c600000, 0x000000008c600000| Complete 
| 199|0x000000008c700000, 0x000000008c800000, 0x000000008c800000|100%| E|CS|TAMS 0x000000008c700000, 0x000000008c700000| Complete 
| 200|0x000000008c800000, 0x000000008c900000, 0x000000008c900000|100%| E|CS|TAMS 0x000000008c800000, 0x000000008c800000| Complete 
| 201|0x000000008c900000, 0x000000008ca00000, 0x000000008ca00000|100%| E|CS|TAMS 0x000000008c900000, 0x000000008c900000| Complete 
| 202|0x000000008ca00000, 0x000000008cb00000, 0x000000008cb00000|100%| E|CS|TAMS 0x000000008ca00000, 0x000000008ca00000| Complete 
| 203|0x000000008cb00000, 0x000000008cc00000, 0x000000008cc00000|100%| E|CS|TAMS 0x000000008cb00000, 0x000000008cb00000| Complete 
| 204|0x000000008cc00000, 0x000000008cd00000, 0x000000008cd00000|100%| E|CS|TAMS 0x000000008cc00000, 0x000000008cc00000| Complete 
| 205|0x000000008cd00000, 0x000000008ce00000, 0x000000008ce00000|100%| E|CS|TAMS 0x000000008cd00000, 0x000000008cd00000| Complete 
| 206|0x000000008ce00000, 0x000000008cf00000, 0x000000008cf00000|100%| E|CS|TAMS 0x000000008ce00000, 0x000000008ce00000| Complete 
| 207|0x000000008cf00000, 0x000000008d000000, 0x000000008d000000|100%| E|CS|TAMS 0x000000008cf00000, 0x000000008cf00000| Complete 
| 208|0x000000008d000000, 0x000000008d100000, 0x000000008d100000|100%| E|CS|TAMS 0x000000008d000000, 0x000000008d000000| Complete 
| 209|0x000000008d100000, 0x000000008d200000, 0x000000008d200000|100%| E|CS|TAMS 0x000000008d100000, 0x000000008d100000| Complete 
| 210|0x000000008d200000, 0x000000008d300000, 0x000000008d300000|100%| E|CS|TAMS 0x000000008d200000, 0x000000008d200000| Complete 
| 211|0x000000008d300000, 0x000000008d400000, 0x000000008d400000|100%| E|CS|TAMS 0x000000008d300000, 0x000000008d300000| Complete 
| 212|0x000000008d400000, 0x000000008d500000, 0x000000008d500000|100%| E|CS|TAMS 0x000000008d400000, 0x000000008d400000| Complete 
| 213|0x000000008d500000, 0x000000008d600000, 0x000000008d600000|100%| E|CS|TAMS 0x000000008d500000, 0x000000008d500000| Complete 
| 214|0x000000008d600000, 0x000000008d700000, 0x000000008d700000|100%| E|CS|TAMS 0x000000008d600000, 0x000000008d600000| Complete 
| 215|0x000000008d700000, 0x000000008d800000, 0x000000008d800000|100%| E|CS|TAMS 0x000000008d700000, 0x000000008d700000| Complete 
| 216|0x000000008d800000, 0x000000008d900000, 0x000000008d900000|100%| E|CS|TAMS 0x000000008d800000, 0x000000008d800000| Complete 
| 217|0x000000008d900000, 0x000000008da00000, 0x000000008da00000|100%| E|CS|TAMS 0x000000008d900000, 0x000000008d900000| Complete 
| 218|0x000000008da00000, 0x000000008db00000, 0x000000008db00000|100%| E|CS|TAMS 0x000000008da00000, 0x000000008da00000| Complete 
| 219|0x000000008db00000, 0x000000008dc00000, 0x000000008dc00000|100%| E|CS|TAMS 0x000000008db00000, 0x000000008db00000| Complete 
| 220|0x000000008dc00000, 0x000000008dd00000, 0x000000008dd00000|100%| E|CS|TAMS 0x000000008dc00000, 0x000000008dc00000| Complete 
| 221|0x000000008dd00000, 0x000000008de00000, 0x000000008de00000|100%| E|CS|TAMS 0x000000008dd00000, 0x000000008dd00000| Complete 
| 222|0x000000008de00000, 0x000000008df00000, 0x000000008df00000|100%| E|CS|TAMS 0x000000008de00000, 0x000000008de00000| Complete 
| 223|0x000000008df00000, 0x000000008e000000, 0x000000008e000000|100%| E|CS|TAMS 0x000000008df00000, 0x000000008df00000| Complete 
| 224|0x000000008e000000, 0x000000008e100000, 0x000000008e100000|100%| E|CS|TAMS 0x000000008e000000, 0x000000008e000000| Complete 
| 225|0x000000008e100000, 0x000000008e200000, 0x000000008e200000|100%| E|CS|TAMS 0x000000008e100000, 0x000000008e100000| Complete 
| 226|0x000000008e200000, 0x000000008e300000, 0x000000008e300000|100%| E|CS|TAMS 0x000000008e200000, 0x000000008e200000| Complete 
| 227|0x000000008e300000, 0x000000008e400000, 0x000000008e400000|100%| E|CS|TAMS 0x000000008e300000, 0x000000008e300000| Complete 
| 228|0x000000008e400000, 0x000000008e500000, 0x000000008e500000|100%| E|CS|TAMS 0x000000008e400000, 0x000000008e400000| Complete 
| 229|0x000000008e500000, 0x000000008e600000, 0x000000008e600000|100%| E|CS|TAMS 0x000000008e500000, 0x000000008e500000| Complete 
| 230|0x000000008e600000, 0x000000008e700000, 0x000000008e700000|100%| E|CS|TAMS 0x000000008e600000, 0x000000008e600000| Complete 
| 231|0x000000008e700000, 0x000000008e800000, 0x000000008e800000|100%| E|CS|TAMS 0x000000008e700000, 0x000000008e700000| Complete 
| 232|0x000000008e800000, 0x000000008e900000, 0x000000008e900000|100%| E|CS|TAMS 0x000000008e800000, 0x000000008e800000| Complete 
| 233|0x000000008e900000, 0x000000008ea00000, 0x000000008ea00000|100%| E|CS|TAMS 0x000000008e900000, 0x000000008e900000| Complete 
| 234|0x000000008ea00000, 0x000000008eb00000, 0x000000008eb00000|100%| E|CS|TAMS 0x000000008ea00000, 0x000000008ea00000| Complete 
| 235|0x000000008eb00000, 0x000000008ec00000, 0x000000008ec00000|100%| E|CS|TAMS 0x000000008eb00000, 0x000000008eb00000| Complete 
| 236|0x000000008ec00000, 0x000000008ed00000, 0x000000008ed00000|100%| E|CS|TAMS 0x000000008ec00000, 0x000000008ec00000| Complete 
| 237|0x000000008ed00000, 0x000000008ee00000, 0x000000008ee00000|100%| E|CS|TAMS 0x000000008ed00000, 0x000000008ed00000| Complete 
| 238|0x000000008ee00000, 0x000000008ef00000, 0x000000008ef00000|100%| E|CS|TAMS 0x000000008ee00000, 0x000000008ee00000| Complete 
| 239|0x000000008ef00000, 0x000000008f000000, 0x000000008f000000|100%| E|CS|TAMS 0x000000008ef00000, 0x000000008ef00000| Complete 
| 240|0x000000008f000000, 0x000000008f100000, 0x000000008f100000|100%| E|CS|TAMS 0x000000008f000000, 0x000000008f000000| Complete 
| 241|0x000000008f100000, 0x000000008f200000, 0x000000008f200000|100%| E|CS|TAMS 0x000000008f100000, 0x000000008f100000| Complete 
| 242|0x000000008f200000, 0x000000008f300000, 0x000000008f300000|100%| E|CS|TAMS 0x000000008f200000, 0x000000008f200000| Complete 
| 243|0x000000008f300000, 0x000000008f400000, 0x000000008f400000|100%| E|CS|TAMS 0x000000008f300000, 0x000000008f300000| Complete 
| 244|0x000000008f400000, 0x000000008f500000, 0x000000008f500000|100%| E|CS|TAMS 0x000000008f400000, 0x000000008f400000| Complete 
| 245|0x000000008f500000, 0x000000008f600000, 0x000000008f600000|100%| E|CS|TAMS 0x000000008f500000, 0x000000008f500000| Complete 
| 246|0x000000008f600000, 0x000000008f700000, 0x000000008f700000|100%| E|CS|TAMS 0x000000008f600000, 0x000000008f600000| Complete 
| 247|0x000000008f700000, 0x000000008f800000, 0x000000008f800000|100%| E|CS|TAMS 0x000000008f700000, 0x000000008f700000| Complete 
| 248|0x000000008f800000, 0x000000008f900000, 0x000000008f900000|100%| E|CS|TAMS 0x000000008f800000, 0x000000008f800000| Complete 
| 249|0x000000008f900000, 0x000000008fa00000, 0x000000008fa00000|100%| E|CS|TAMS 0x000000008f900000, 0x000000008f900000| Complete 
| 250|0x000000008fa00000, 0x000000008fb00000, 0x000000008fb00000|100%| E|CS|TAMS 0x000000008fa00000, 0x000000008fa00000| Complete 
| 251|0x000000008fb00000, 0x000000008fc00000, 0x000000008fc00000|100%| E|CS|TAMS 0x000000008fb00000, 0x000000008fb00000| Complete 
| 252|0x000000008fc00000, 0x000000008fd00000, 0x000000008fd00000|100%| E|CS|TAMS 0x000000008fc00000, 0x000000008fc00000| Complete 
| 253|0x000000008fd00000, 0x000000008fe00000, 0x000000008fe00000|100%| E|CS|TAMS 0x000000008fd00000, 0x000000008fd00000| Complete 
| 254|0x000000008fe00000, 0x000000008ff00000, 0x000000008ff00000|100%| E|CS|TAMS 0x000000008fe00000, 0x000000008fe00000| Complete 
| 255|0x000000008ff00000, 0x0000000090000000, 0x0000000090000000|100%| E|CS|TAMS 0x000000008ff00000, 0x000000008ff00000| Complete 

Card table byte_map: [0x000002c6e5410000,0x000002c6e5810000] _byte_map_base: 0x000002c6e5010000

Marking Bits (Prev, Next): (CMBitMap*) 0x000002c6d1fe21a0, (CMBitMap*) 0x000002c6d1fe2168
 Prev Bits: [0x000002c6e7c10000, 0x000002c6e9c10000)
 Next Bits: [0x000002c6e5c10000, 0x000002c6e7c10000)

Polling page: 0x000002c6cfc00000

Metaspace:

Usage:
  Non-class:     63.53 MB capacity,    62.56 MB ( 98%) used,   796.60 KB (  1%) free+waste,   196.62 KB ( <1%) overhead. 
      Class:      9.99 MB capacity,     9.32 MB ( 93%) used,   585.43 KB (  6%) free+waste,    92.62 KB ( <1%) overhead. 
       Both:     73.52 MB capacity,    71.89 MB ( 98%) used,     1.35 MB (  2%) free+waste,   289.25 KB ( <1%) overhead. 

Virtual space:
  Non-class space:       64.00 MB reserved,      63.63 MB (>99%) committed 
      Class space:        1.00 GB reserved,      10.02 MB ( <1%) committed 
             Both:        1.06 GB reserved,      73.65 MB (  7%) committed 

Chunk freelists:
   Non-Class:  35.00 KB
       Class:  14.00 KB
        Both:  49.00 KB

MaxMetaspaceSize: 17179869184.00 GB
CompressedClassSpaceSize: 1.00 GB
Initial GC threshold: 20.80 MB
Current GC threshold: 75.88 MB
CDS: off

CodeHeap 'non-profiled nmethods': size=120000Kb used=4830Kb max_used=4830Kb free=115169Kb
 bounds [0x000002c6dd590000, 0x000002c6dda50000, 0x000002c6e4ac0000]
CodeHeap 'profiled nmethods': size=120000Kb used=15249Kb max_used=15249Kb free=104750Kb
 bounds [0x000002c6d6060000, 0x000002c6d6f50000, 0x000002c6dd590000]
CodeHeap 'non-nmethods': size=5760Kb used=2360Kb max_used=2410Kb free=3399Kb
 bounds [0x000002c6d5ac0000, 0x000002c6d5d30000, 0x000002c6d6060000]
 total_blobs=8192 nmethods=7311 adapters=792
 compilation: enabled
              stopped_count=0, restarted_count=0
 full_count=0

Compilation events (20 events):
Event: 7.635 Thread 0x000002c6f02cb800 7325       4       java.lang.Class::isAnnotation (17 bytes)
Event: 7.635 Thread 0x000002c6f02cb800 nmethod 7325 0x000002c6dda45c10 code [0x000002c6dda45da0, 0x000002c6dda45e38]
Event: 7.637 Thread 0x000002c6f02cb800 7326       4       java.lang.Long::valueOf (40 bytes)
Event: 7.638 Thread 0x000002c6f02cb800 nmethod 7326 0x000002c6dda45f10 code [0x000002c6dda460c0, 0x000002c6dda461b8]
Event: 7.638 Thread 0x000002c6f02cb800 7327       4       org.gradle.internal.operations.DefaultBuildOperationExecutor$ListenerAdapter::close (1 bytes)
Event: 7.638 Thread 0x000002c6f02cb800 nmethod 7327 0x000002c6dda46290 code [0x000002c6dda46420, 0x000002c6dda46478]
Event: 7.638 Thread 0x000002c6f02cb800 7328       4       java.lang.reflect.AccessibleObject::<init> (5 bytes)
Event: 7.638 Thread 0x000002c6f02cb800 nmethod 7328 0x000002c6dda46590 code [0x000002c6dda46720, 0x000002c6dda46778]
Event: 7.638 Thread 0x000002c6f02cb800 7329       4       java.util.regex.Pattern::sequence (645 bytes)
Event: 7.639 Thread 0x000002c6ed16b800 nmethod 7318 0x000002c6dda46890 code [0x000002c6dda46a60, 0x000002c6dda470b8]
Event: 7.639 Thread 0x000002c6ed16b800 7330       4       org.objectweb.asm.MethodWriter::visitMaxs (60 bytes)
Event: 7.640 Thread 0x000002c6ed16f800 7332       3       org.gradle.api.internal.provider.DefaultProperty::set (32 bytes)
Event: 7.640 Thread 0x000002c6ed16f800 nmethod 7332 0x000002c6d6f40c10 code [0x000002c6d6f40e80, 0x000002c6d6f41d08]
Event: 7.640 Thread 0x000002c6ed16b800 nmethod 7330 0x000002c6dda47510 code [0x000002c6dda476c0, 0x000002c6dda477a8]
Event: 7.640 Thread 0x000002c6ed16b800 7331       4       org.objectweb.asm.Frame::push (59 bytes)
Event: 7.641 Thread 0x000002c6ed16f800 7333       3       org.gradle.model.internal.asm.MethodVisitorScope::_IRETURN (8 bytes)
Event: 7.641 Thread 0x000002c6ed16f800 nmethod 7333 0x000002c6d6f42010 code [0x000002c6d6f421e0, 0x000002c6d6f42448]
Event: 7.641 Thread 0x000002c6ed16f800 7334       3       org.gradle.internal.instantiation.generator.AsmBackedClassGenerator$ClassBuilderImpl::access$4500 (4 bytes)
Event: 7.641 Thread 0x000002c6ed16f800 nmethod 7334 0x000002c6d6f42590 code [0x000002c6d6f42740, 0x000002c6d6f42838]
Event: 7.642 Thread 0x000002c6ed16f800 7335       3       org.gradle.internal.instantiation.generator.AsmBackedClassGenerator$ClassBuilderImpl::visitArrayElements (227 bytes)

GC Heap History (14 events):
Event: 0.551 GC heap before
{Heap before GC invocations=0 (full 0):
 garbage-first heap   total 262144K, used 29696K [0x0000000080000000, 0x0000000100000000)
  region size 1024K, 24 young (24576K), 0 survivors (0K)
 Metaspace       used 10099K, capacity 10327K, committed 10624K, reserved 1058816K
  class space    used 1032K, capacity 1106K, committed 1152K, reserved 1048576K
}
Event: 0.554 GC heap after
{Heap after GC invocations=1 (full 0):
 garbage-first heap   total 262144K, used 9508K [0x0000000080000000, 0x0000000100000000)
  region size 1024K, 3 young (3072K), 3 survivors (3072K)
 Metaspace       used 10099K, capacity 10327K, committed 10624K, reserved 1058816K
  class space    used 1032K, capacity 1106K, committed 1152K, reserved 1048576K
}
Event: 2.003 GC heap before
{Heap before GC invocations=1 (full 0):
 garbage-first heap   total 262144K, used 109860K [0x0000000080000000, 0x0000000100000000)
  region size 1024K, 101 young (103424K), 3 survivors (3072K)
 Metaspace       used 20763K, capacity 21189K, committed 21296K, reserved 1069056K
  class space    used 2525K, capacity 2687K, committed 2688K, reserved 1048576K
}
Event: 2.012 GC heap after
{Heap after GC invocations=2 (full 0):
 garbage-first heap   total 262144K, used 17133K [0x0000000080000000, 0x0000000100000000)
  region size 1024K, 11 young (11264K), 11 survivors (11264K)
 Metaspace       used 20763K, capacity 21189K, committed 21296K, reserved 1069056K
  class space    used 2525K, capacity 2687K, committed 2688K, reserved 1048576K
}
Event: 2.267 GC heap before
{Heap before GC invocations=3 (full 0):
 garbage-first heap   total 262144K, used 46829K [0x0000000080000000, 0x0000000100000000)
  region size 1024K, 41 young (41984K), 11 survivors (11264K)
 Metaspace       used 24036K, capacity 24609K, committed 24828K, reserved 1071104K
  class space    used 3051K, capacity 3283K, committed 3404K, reserved 1048576K
}
Event: 2.271 GC heap after
{Heap after GC invocations=4 (full 0):
 garbage-first heap   total 262144K, used 18908K [0x0000000080000000, 0x0000000100000000)
  region size 1024K, 2 young (2048K), 2 survivors (2048K)
 Metaspace       used 24036K, capacity 24609K, committed 24828K, reserved 1071104K
  class space    used 3051K, capacity 3283K, committed 3404K, reserved 1048576K
}
Event: 3.199 GC heap before
{Heap before GC invocations=4 (full 0):
 garbage-first heap   total 262144K, used 111068K [0x0000000080000000, 0x0000000100000000)
  region size 1024K, 93 young (95232K), 2 survivors (2048K)
 Metaspace       used 35082K, capacity 35953K, committed 36048K, reserved 1081344K
  class space    used 4570K, capacity 4923K, committed 4940K, reserved 1048576K
}
Event: 3.205 GC heap after
{Heap after GC invocations=5 (full 0):
 garbage-first heap   total 262144K, used 22740K [0x0000000080000000, 0x0000000100000000)
  region size 1024K, 6 young (6144K), 6 survivors (6144K)
 Metaspace       used 35082K, capacity 35953K, committed 36048K, reserved 1081344K
  class space    used 4570K, capacity 4923K, committed 4940K, reserved 1048576K
}
Event: 4.181 GC heap before
{Heap before GC invocations=6 (full 0):
 garbage-first heap   total 262144K, used 139476K [0x0000000080000000, 0x0000000100000000)
  region size 1024K, 117 young (119808K), 6 survivors (6144K)
 Metaspace       used 45289K, capacity 46431K, committed 46620K, reserved 1089536K
  class space    used 5747K, capacity 6160K, committed 6296K, reserved 1048576K
}
Event: 4.196 GC heap after
{Heap after GC invocations=7 (full 0):
 garbage-first heap   total 262144K, used 31261K [0x0000000080000000, 0x0000000100000000)
  region size 1024K, 14 young (14336K), 14 survivors (14336K)
 Metaspace       used 45289K, capacity 46431K, committed 46620K, reserved 1089536K
  class space    used 5747K, capacity 6160K, committed 6296K, reserved 1048576K
}
Event: 5.233 GC heap before
{Heap before GC invocations=8 (full 0):
 garbage-first heap   total 262144K, used 175645K [0x0000000080000000, 0x0000000100000000)
  region size 1024K, 147 young (150528K), 14 survivors (14336K)
 Metaspace       used 52323K, capacity 53789K, committed 54044K, reserved 1095680K
  class space    used 6659K, capacity 7215K, committed 7320K, reserved 1048576K
}
Event: 5.243 GC heap after
{Heap after GC invocations=9 (full 0):
 garbage-first heap   total 262144K, used 50076K [0x0000000080000000, 0x0000000100000000)
  region size 1024K, 19 young (19456K), 19 survivors (19456K)
 Metaspace       used 52323K, capacity 53789K, committed 54044K, reserved 1095680K
  class space    used 6659K, capacity 7215K, committed 7320K, reserved 1048576K
}
Event: 6.675 GC heap before
{Heap before GC invocations=9 (full 0):
 garbage-first heap   total 262144K, used 195484K [0x0000000080000000, 0x0000000100000000)
  region size 1024K, 153 young (156672K), 19 survivors (19456K)
 Metaspace       used 66670K, capacity 68323K, committed 68508K, reserved 1107968K
  class space    used 8469K, capacity 9094K, committed 9240K, reserved 1048576K
}
Event: 6.684 GC heap after
{Heap after GC invocations=10 (full 0):
 garbage-first heap   total 262144K, used 59010K [0x0000000080000000, 0x0000000100000000)
  region size 1024K, 10 young (10240K), 10 survivors (10240K)
 Metaspace       used 66670K, capacity 68323K, committed 68508K, reserved 1107968K
  class space    used 8469K, capacity 9094K, committed 9240K, reserved 1048576K
}

Deoptimization events (20 events):
Event: 6.869 Thread 0x000002c6f0d03800 Uncommon trap: trap_request=0xffffff4d fr.pc=0x000002c6dd774880 relative=0x0000000000000340
Event: 6.869 Thread 0x000002c6f0d03800 Uncommon trap: reason=unstable_if action=reinterpret pc=0x000002c6dd774880 method=java.util.StringJoiner.add(Ljava/lang/CharSequence;)Ljava/util/StringJoiner; @ 33 c2
Event: 6.869 Thread 0x000002c6f0d03800 DEOPT PACKING pc=0x000002c6dd774880 sp=0x000000e0cecf5290
Event: 6.869 Thread 0x000002c6f0d03800 DEOPT UNPACKING pc=0x000002c6d5b0a1af sp=0x000000e0cecf5240 mode 2
Event: 7.037 Thread 0x000002c6f0d03800 Uncommon trap: trap_request=0xffffff4d fr.pc=0x000002c6dd9d637c relative=0x0000000000000c5c
Event: 7.037 Thread 0x000002c6f0d03800 Uncommon trap: reason=unstable_if action=reinterpret pc=0x000002c6dd9d637c method=java.lang.PublicMethods$MethodList.getMostSpecific()Ljava/lang/reflect/Method; @ 35 c2
Event: 7.037 Thread 0x000002c6f0d03800 DEOPT PACKING pc=0x000002c6dd9d637c sp=0x000000e0cecf44b0
Event: 7.037 Thread 0x000002c6f0d03800 DEOPT UNPACKING pc=0x000002c6d5b0a1af sp=0x000000e0cecf4390 mode 2
Event: 7.252 Thread 0x000002c6f0d03800 DEOPT PACKING pc=0x000002c6d6be7fd6 sp=0x000000e0cecf8330
Event: 7.252 Thread 0x000002c6f0d03800 DEOPT UNPACKING pc=0x000002c6d5b0a95e sp=0x000000e0cecf78d0 mode 0
Event: 7.274 Thread 0x000002c6f0d03800 DEOPT PACKING pc=0x000002c6d6cabc27 sp=0x000000e0cecf82e0
Event: 7.274 Thread 0x000002c6f0d03800 DEOPT UNPACKING pc=0x000002c6d5b0a95e sp=0x000000e0cecf7790 mode 0
Event: 7.410 Thread 0x000002c6f0d03800 Uncommon trap: trap_request=0xffffff4d fr.pc=0x000002c6dd8420c8 relative=0x0000000000000268
Event: 7.410 Thread 0x000002c6f0d03800 Uncommon trap: reason=unstable_if action=reinterpret pc=0x000002c6dd8420c8 method=java.io.WinNTFileSystem.prefixLength(Ljava/lang/String;)I @ 11 c2
Event: 7.410 Thread 0x000002c6f0d03800 DEOPT PACKING pc=0x000002c6dd8420c8 sp=0x000000e0cecf8ee0
Event: 7.410 Thread 0x000002c6f0d03800 DEOPT UNPACKING pc=0x000002c6d5b0a1af sp=0x000000e0cecf8e60 mode 2
Event: 7.638 Thread 0x000002c6f0d03800 Uncommon trap: trap_request=0xfffffff4 fr.pc=0x000002c6dda45e08 relative=0x0000000000000068
Event: 7.638 Thread 0x000002c6f0d03800 Uncommon trap: reason=null_check action=make_not_entrant pc=0x000002c6dda45e08 method=java.lang.Class.isAnnotation()Z @ 1 c2
Event: 7.638 Thread 0x000002c6f0d03800 DEOPT PACKING pc=0x000002c6dda45e08 sp=0x000000e0cecf8450
Event: 7.638 Thread 0x000002c6f0d03800 DEOPT UNPACKING pc=0x000002c6d5b0a1af sp=0x000000e0cecf83e0 mode 2

Classes redefined (0 events):
No events

Internal exceptions (20 events):
Event: 7.051 Thread 0x000002c6f0d03800 Exception <a 'java/lang/ClassNotFoundException'{0x000000008c499310}: com/android/build/gradle/internal/dsl/ResourcesPackagingOptionsImpl$AgpDecorated_DecoratedBeanInfo> (0x000000008c499310) thrown at [src/hotspot/share/classfile/systemDictionary.cpp, line 230]
Event: 7.051 Thread 0x000002c6f0d03800 Exception <a 'java/lang/ClassNotFoundException'{0x000000008c4be6a8}: com/android/build/gradle/internal/dsl/ResourcesPackagingOptionsImpl$AgpDecoratedBeanInfo> (0x000000008c4be6a8) thrown at [src/hotspot/share/classfile/systemDictionary.cpp, line 230]
Event: 7.051 Thread 0x000002c6f0d03800 Exception <a 'java/lang/ClassNotFoundException'{0x000000008c4e1cf0}: com/android/build/gradle/internal/dsl/ResourcesPackagingOptionsImplBeanInfo> (0x000000008c4e1cf0) thrown at [src/hotspot/share/classfile/systemDictionary.cpp, line 230]
Event: 7.052 Thread 0x000002c6f0d03800 Exception <a 'java/lang/ClassNotFoundException'{0x000000008c3058d8}: com/android/build/gradle/internal/dsl/ResourcesPackagingOptionsImplCustomizer> (0x000000008c3058d8) thrown at [src/hotspot/share/classfile/systemDictionary.cpp, line 230]
Event: 7.053 Thread 0x000002c6f0d03800 Exception <a 'java/lang/ClassNotFoundException'{0x000000008c331988}: com/android/build/gradle/internal/dsl/ResourcesPackagingOptionsImpl$AgpDecoratedCustomizer> (0x000000008c331988) thrown at [src/hotspot/share/classfile/systemDictionary.cpp, line 230]
Event: 7.055 Thread 0x000002c6f0d03800 Exception <a 'java/lang/ClassNotFoundException'{0x000000008c366770}: com/android/build/gradle/internal/dsl/ResourcesPackagingOptionsImpl$AgpDecorated_DecoratedCustomizer> (0x000000008c366770) thrown at [src/hotspot/share/classfile/systemDictionary.cpp, line 230]
Event: 7.060 Thread 0x000002c6f0d03800 Exception <a 'java/lang/ClassNotFoundException'{0x000000008c252bb0}: com/android/build/gradle/internal/dsl/decorator/LockableSetBeanInfo> (0x000000008c252bb0) thrown at [src/hotspot/share/classfile/systemDictionary.cpp, line 230]
Event: 7.060 Thread 0x000002c6f0d03800 Exception <a 'java/lang/ClassNotFoundException'{0x000000008c262720}: java/util/AbstractSetBeanInfo> (0x000000008c262720) thrown at [src/hotspot/share/classfile/systemDictionary.cpp, line 230]
Event: 7.061 Thread 0x000002c6f0d03800 Exception <a 'java/lang/ClassNotFoundException'{0x000000008c272698}: java/util/AbstractSetCustomizer> (0x000000008c272698) thrown at [src/hotspot/share/classfile/systemDictionary.cpp, line 230]
Event: 7.061 Thread 0x000002c6f0d03800 Exception <a 'java/lang/ClassNotFoundException'{0x000000008c297fa0}: com/android/build/gradle/internal/dsl/decorator/LockableSetCustomizer> (0x000000008c297fa0) thrown at [src/hotspot/share/classfile/systemDictionary.cpp, line 230]
Event: 7.068 Thread 0x000002c6f0d03800 Exception <a 'java/lang/ClassNotFoundException'{0x000000008c164b98}: org/gradle/api/internal/artifacts/dsl/dependencies/DefaultDependencyHandler_DecoratedBeanInfo> (0x000000008c164b98) thrown at [src/hotspot/share/classfile/systemDictionary.cpp, line 230]
Event: 7.069 Thread 0x000002c6f0d03800 Exception <a 'java/lang/ClassNotFoundException'{0x000000008c1b8c58}: org/gradle/api/internal/artifacts/dsl/dependencies/DefaultDependencyHandlerBeanInfo> (0x000000008c1b8c58) thrown at [src/hotspot/share/classfile/systemDictionary.cpp, line 230]
Event: 7.069 Thread 0x000002c6f0d03800 Exception <a 'java/lang/ClassNotFoundException'{0x000000008c00d1a0}: org/gradle/api/internal/artifacts/dsl/dependencies/DefaultDependencyHandlerCustomizer> (0x000000008c00d1a0) thrown at [src/hotspot/share/classfile/systemDictionary.cpp, line 230]
Event: 7.071 Thread 0x000002c6f0d03800 Exception <a 'java/lang/ClassNotFoundException'{0x000000008c08cac8}: org/gradle/api/internal/artifacts/dsl/dependencies/DefaultDependencyHandler_DecoratedCustomizer> (0x000000008c08cac8) thrown at [src/hotspot/share/classfile/systemDictionary.cpp, line 230]
Event: 7.075 Thread 0x000002c6f0d03800 Exception <a 'java/lang/ClassNotFoundException'{0x000000008bf80c00}: groovy/lang/GString$1BeanInfo> (0x000000008bf80c00) thrown at [src/hotspot/share/classfile/systemDictionary.cpp, line 230]
Event: 7.076 Thread 0x000002c6f0d03800 Exception <a 'java/lang/ClassNotFoundException'{0x000000008bfc2e80}: groovy/lang/GStringBeanInfo> (0x000000008bfc2e80) thrown at [src/hotspot/share/classfile/systemDictionary.cpp, line 230]
Event: 7.077 Thread 0x000002c6f0d03800 Exception <a 'java/lang/ClassNotFoundException'{0x000000008be04cb0}: groovy/lang/GStringCustomizer> (0x000000008be04cb0) thrown at [src/hotspot/share/classfile/systemDictionary.cpp, line 230]
Event: 7.077 Thread 0x000002c6f0d03800 Exception <a 'java/lang/ClassNotFoundException'{0x000000008be503f8}: groovy/lang/GString$1Customizer> (0x000000008be503f8) thrown at [src/hotspot/share/classfile/systemDictionary.cpp, line 230]
Event: 7.083 Thread 0x000002c6f0d03800 Exception <a 'java/lang/ClassNotFoundException'{0x000000008ba16ee8}: org/codehaus/groovy/runtime/GStringImplBeanInfo> (0x000000008ba16ee8) thrown at [src/hotspot/share/classfile/systemDictionary.cpp, line 230]
Event: 7.086 Thread 0x000002c6f0d03800 Exception <a 'java/lang/ClassNotFoundException'{0x000000008b8d7970}: org/codehaus/groovy/runtime/GStringImplCustomizer> (0x000000008b8d7970) thrown at [src/hotspot/share/classfile/systemDictionary.cpp, line 230]

Events (20 events):
Event: 7.629 loading class com/android/build/gradle/internal/DependencyConfigurator$configureGeneralTransforms$8$1
Event: 7.629 loading class com/android/build/gradle/internal/DependencyConfigurator$configureGeneralTransforms$8$1 done
Event: 7.629 loading class com/android/build/gradle/internal/dependency/ExtractProGuardRulesTransform
Event: 7.629 loading class com/android/build/gradle/internal/dependency/ExtractProGuardRulesTransform done
Event: 7.630 loading class com/android/build/gradle/internal/dependency/ExtractProGuardRulesTransform$Companion
Event: 7.630 loading class com/android/build/gradle/internal/dependency/ExtractProGuardRulesTransform$Companion done
Event: 7.632 loading class com/android/build/gradle/internal/dependency/LibrarySymbolTableTransform
Event: 7.632 loading class com/android/build/gradle/internal/dependency/LibrarySymbolTableTransform done
Event: 7.634 loading class com/android/build/gradle/internal/dependency/ExtractJniTransform
Event: 7.634 loading class com/android/build/gradle/internal/dependency/ExtractJniTransform done
Event: 7.636 loading class com/android/build/gradle/internal/DependencyConfigurator$configureGeneralTransforms$12
Event: 7.636 loading class com/android/build/gradle/internal/DependencyConfigurator$configureGeneralTransforms$12 done
Event: 7.637 loading class com/android/build/gradle/internal/dependency/ClassesDirToClassesTransform
Event: 7.637 loading class com/android/build/gradle/internal/dependency/ClassesDirToClassesTransform done
Event: 7.639 loading class com/android/build/gradle/internal/DependencyConfigurator$configureGeneralTransforms$13
Event: 7.639 loading class com/android/build/gradle/internal/DependencyConfigurator$configureGeneralTransforms$13 done
Event: 7.640 loading class com/android/build/gradle/internal/dependency/CollectResourceSymbolsTransform
Event: 7.640 loading class com/android/build/gradle/internal/dependency/CollectResourceSymbolsTransform done
Event: 7.641 loading class com/android/build/gradle/internal/dependency/CollectClassesTransform
Event: 7.641 loading class com/android/build/gradle/internal/dependency/CollectClassesTransform done


Dynamic libraries:
0x00007ff7aef90000 - 0x00007ff7aef9a000 	C:\Program Files\Android\Android Studio\jbr\bin\java.exe
0x00007ff8641d0000 - 0x00007ff8643c8000 	C:\Windows\SYSTEM32\ntdll.dll
0x00007ff862440000 - 0x00007ff8624ff000 	C:\Windows\System32\KERNEL32.DLL
0x00007ff861d40000 - 0x00007ff862012000 	C:\Windows\System32\KERNELBASE.dll
0x00007ff862110000 - 0x00007ff862210000 	C:\Windows\System32\ucrtbase.dll
0x00007ff83d140000 - 0x00007ff83d15b000 	C:\Program Files\Android\Android Studio\jbr\bin\VCRUNTIME140.dll
0x00007ff82f910000 - 0x00007ff82f927000 	C:\Program Files\Android\Android Studio\jbr\bin\jli.dll
0x00007ff863740000 - 0x00007ff8638e1000 	C:\Windows\System32\USER32.dll
0x00007ff861a20000 - 0x00007ff861a42000 	C:\Windows\System32\win32u.dll
0x00007ff8541b0000 - 0x00007ff85444a000 	C:\Windows\WinSxS\amd64_microsoft.windows.common-controls_6595b64144ccf1df_6.0.19041.1110_none_60b5254171f9507e\COMCTL32.dll
0x00007ff8633d0000 - 0x00007ff8633fb000 	C:\Windows\System32\GDI32.dll
0x00007ff8623a0000 - 0x00007ff86243e000 	C:\Windows\System32\msvcrt.dll
0x00007ff861c30000 - 0x00007ff861d3f000 	C:\Windows\System32\gdi32full.dll
0x00007ff861a50000 - 0x00007ff861aed000 	C:\Windows\System32\msvcp_win.dll
0x00007ff863e00000 - 0x00007ff863e32000 	C:\Windows\System32\IMM32.DLL
0x0000000180000000 - 0x0000000180007000 	C:\Program Files\Prio\prio.dll
0x00007ff863460000 - 0x00007ff86350e000 	C:\Windows\System32\ADVAPI32.dll
0x00007ff8640f0000 - 0x00007ff86418c000 	C:\Windows\System32\sechost.dll
0x00007ff863910000 - 0x00007ff863a35000 	C:\Windows\System32\RPCRT4.dll
0x00007ff8470a0000 - 0x00007ff8470ac000 	C:\Program Files\Android\Android Studio\jbr\bin\vcruntime140_1.dll
0x00007ff819060000 - 0x00007ff8190ed000 	C:\Program Files\Android\Android Studio\jbr\bin\msvcp140.dll
0x00007ff807230000 - 0x00007ff807dec000 	C:\Program Files\Android\Android Studio\jbr\bin\server\jvm.dll
0x00007ff862210000 - 0x00007ff862218000 	C:\Windows\System32\PSAPI.DLL
0x00007ff843fb0000 - 0x00007ff843fb9000 	C:\Windows\SYSTEM32\WSOCK32.dll
0x00007ff860610000 - 0x00007ff86061a000 	C:\Windows\SYSTEM32\VERSION.dll
0x00007ff856040000 - 0x00007ff856067000 	C:\Windows\SYSTEM32\WINMM.dll
0x00007ff863ed0000 - 0x00007ff863f3b000 	C:\Windows\System32\WS2_32.dll
0x00007ff860570000 - 0x00007ff860582000 	C:\Windows\SYSTEM32\kernel.appcore.dll
0x00007ff85d0e0000 - 0x00007ff85d0f0000 	C:\Program Files\Android\Android Studio\jbr\bin\verify.dll
0x00007ff84db50000 - 0x00007ff84dd34000 	C:\Windows\SYSTEM32\DBGHELP.DLL
0x00007ff84b630000 - 0x00007ff84b665000 	C:\Windows\SYSTEM32\dbgcore.DLL
0x00007ff861ba0000 - 0x00007ff861c22000 	C:\Windows\System32\bcryptPrimitives.dll
0x00007ff85cfd0000 - 0x00007ff85cff8000 	C:\Program Files\Android\Android Studio\jbr\bin\java.dll
0x00007ff85d030000 - 0x00007ff85d03a000 	C:\Program Files\Android\Android Studio\jbr\bin\jimage.dll
0x00007ff85b9c0000 - 0x00007ff85b9d8000 	C:\Program Files\Android\Android Studio\jbr\bin\zip.dll
0x00007ff862c80000 - 0x00007ff8633c4000 	C:\Windows\System32\SHELL32.dll
0x00007ff85f6c0000 - 0x00007ff85fe52000 	C:\Windows\SYSTEM32\windows.storage.dll
0x00007ff863a40000 - 0x00007ff863d95000 	C:\Windows\System32\combase.dll
0x00007ff861320000 - 0x00007ff861350000 	C:\Windows\SYSTEM32\Wldp.dll
0x00007ff862af0000 - 0x00007ff862b9d000 	C:\Windows\System32\SHCORE.dll
0x00007ff864090000 - 0x00007ff8640e5000 	C:\Windows\System32\shlwapi.dll
0x00007ff861800000 - 0x00007ff86181f000 	C:\Windows\SYSTEM32\profapi.dll
0x00007ff8470b0000 - 0x00007ff8470c9000 	C:\Program Files\Android\Android Studio\jbr\bin\net.dll
0x00007ff859ef0000 - 0x00007ff859ffc000 	C:\Windows\SYSTEM32\WINHTTP.dll
0x00007ff861030000 - 0x00007ff86109a000 	C:\Windows\system32\mswsock.dll
0x00007ff847070000 - 0x00007ff847083000 	C:\Program Files\Android\Android Studio\jbr\bin\nio.dll
0x00007ff848130000 - 0x00007ff848157000 	C:\Users\antik\.gradle\native\e1d6ef7f7dcc3fd88c89a11ec53ec762bb8ba0a96d01ffa2cd45eb1d1d8dd5c5\windows-amd64\native-platform.dll
0x00007ff814720000 - 0x00007ff814864000 	C:\Users\antik\.gradle\native\0d407fdbe67a94daf76414ababcb853783967236a71b16ec16e742cd7a986fd3\windows-amd64\native-platform-file-events.dll
0x00007ff85cf60000 - 0x00007ff85cf6a000 	C:\Program Files\Android\Android Studio\jbr\bin\management.dll
0x00007ff848280000 - 0x00007ff84828b000 	C:\Program Files\Android\Android Studio\jbr\bin\management_ext.dll
0x00007ff8611e0000 - 0x00007ff8611f8000 	C:\Windows\SYSTEM32\CRYPTSP.dll
0x00007ff8608f0000 - 0x00007ff860924000 	C:\Windows\system32\rsaenh.dll
0x00007ff8620e0000 - 0x00007ff862107000 	C:\Windows\System32\bcrypt.dll
0x00007ff8617c0000 - 0x00007ff8617ee000 	C:\Windows\SYSTEM32\USERENV.dll
0x00007ff861200000 - 0x00007ff86120c000 	C:\Windows\SYSTEM32\CRYPTBASE.dll
0x00007ff860ce0000 - 0x00007ff860d1b000 	C:\Windows\SYSTEM32\IPHLPAPI.DLL
0x00007ff863900000 - 0x00007ff863908000 	C:\Windows\System32\NSI.dll
0x00007ff85a090000 - 0x00007ff85a0a7000 	C:\Windows\SYSTEM32\dhcpcsvc6.DLL
0x00007ff85a070000 - 0x00007ff85a08d000 	C:\Windows\SYSTEM32\dhcpcsvc.DLL
0x00007ff860d20000 - 0x00007ff860dea000 	C:\Windows\SYSTEM32\DNSAPI.dll

dbghelp: loaded successfully - version: 4.0.5 - missing functions: none
symbol engine: initialized successfully - sym options: 0x614 - pdb path: .;C:\Program Files\Android\Android Studio\jbr\bin;C:\Windows\SYSTEM32;C:\Windows\WinSxS\amd64_microsoft.windows.common-controls_6595b64144ccf1df_6.0.19041.1110_none_60b5254171f9507e;C:\Program Files\Prio;C:\Program Files\Android\Android Studio\jbr\bin\server;C:\Users\antik\.gradle\native\e1d6ef7f7dcc3fd88c89a11ec53ec762bb8ba0a96d01ffa2cd45eb1d1d8dd5c5\windows-amd64;C:\Users\antik\.gradle\native\0d407fdbe67a94daf76414ababcb853783967236a71b16ec16e742cd7a986fd3\windows-amd64

VM Arguments:
jvm_args: --add-opens=java.base/java.util=ALL-UNNAMED --add-opens=java.base/java.lang=ALL-UNNAMED --add-opens=java.base/java.lang.invoke=ALL-UNNAMED --add-opens=java.base/java.util=ALL-UNNAMED --add-opens=java.prefs/java.util.prefs=ALL-UNNAMED --add-opens=java.prefs/java.util.prefs=ALL-UNNAMED --add-opens=java.base/java.nio.charset=ALL-UNNAMED --add-opens=java.base/java.net=ALL-UNNAMED --add-opens=java.base/java.util.concurrent.atomic=ALL-UNNAMED -Xmx2048m -Dfile.encoding=UTF-8 -Duser.country=FI -Duser.language=fi -Duser.variant 
java_command: org.gradle.launcher.daemon.bootstrap.GradleDaemon 7.5
java_class_path (initial): C:\Users\antik\.gradle\wrapper\dists\gradle-7.5-bin\f1w0cc9nuo0eivz97x2xlu9sv\gradle-7.5\lib\gradle-launcher-7.5.jar
Launcher Type: SUN_STANDARD

[Global flags]
     intx CICompilerCount                          = 4                                         {product} {ergonomic}
     uint ConcGCThreads                            = 3                                         {product} {ergonomic}
     uint G1ConcRefinementThreads                  = 10                                        {product} {ergonomic}
   size_t G1HeapRegionSize                         = 1048576                                   {product} {ergonomic}
    uintx GCDrainStackTargetSize                   = 64                                        {product} {ergonomic}
   size_t InitialHeapSize                          = 268435456                                 {product} {ergonomic}
   size_t MarkStackSize                            = 4194304                                   {product} {ergonomic}
   size_t MaxHeapSize                              = 2147483648                                {product} {command line}
   size_t MaxNewSize                               = 1287651328                                {product} {ergonomic}
   size_t MinHeapDeltaBytes                        = 1048576                                   {product} {ergonomic}
    uintx NonNMethodCodeHeapSize                   = 5836300                                {pd product} {ergonomic}
    uintx NonProfiledCodeHeapSize                  = 122910970                              {pd product} {ergonomic}
    uintx ProfiledCodeHeapSize                     = 122910970                              {pd product} {ergonomic}
    uintx ReservedCodeCacheSize                    = 251658240                              {pd product} {ergonomic}
     bool SegmentedCodeCache                       = true                                      {product} {ergonomic}
     bool UseCompressedClassPointers               = true                                 {lp64_product} {ergonomic}
     bool UseCompressedOops                        = true                                 {lp64_product} {ergonomic}
     bool UseG1GC                                  = true                                      {product} {ergonomic}
     bool UseLargePagesIndividualAllocation        = false                                  {pd product} {ergonomic}

Logging:
Log output configuration:
 #0: stdout all=warning uptime,level,tags
 #1: stderr all=off uptime,level,tags

Environment Variables:
JAVA_HOME=C:\Program Files\Java\jdk-17.0.1
PATH=C:\Program Files\Oculus\Support\oculus-runtime;C:\Program Files\NVIDIA GPU Computing Toolkit\CUDA\v11.6\bin;C:\Program Files\NVIDIA GPU Computing Toolkit\CUDA\v11.6\libnvvp;C:\Program Files\Common Files\Oracle\Java\javapath;C:\Program Files\Eclipse Adoptium\jdk-17.0.1.12-hotspot\bin;C:\Program Files (x86)\Common Files\Intel\Shared Libraries\redist\intel64\compiler;C:\Program Files (x86)\Common Files\Oracle\Java\javapath;C:\Windows\system32;C:\Windows;C:\Windows\System32\Wbem;C:\Windows\System32\WindowsPowerShell\v1.0\;C:\Windows\System32\OpenSSH\;C:\Program Files\NVIDIA Corporation\NVIDIA NvDLISR;C:\Program Files (x86)\NVIDIA Corporation\PhysX\Common;C:\Program Files\Prio;C:\Program Files\Git\cmd;C:\Program Files\dotnet\;C:\Program Files\CMake\bin;C:\Users\antik\OneDrive\Tiedostot\School\Kurssit\Software quality and testing\06-Test_and_QA_Automation\geckodriver-v0.30.0-win64;C:\Program Files\Java\jdk-17.0.1\bin;C:\Program Files\NVIDIA Corporation\Nsight Compute 2022.1.1\;C:\Program Files\PuTTY\;C:\Program Files\MATLAB\R2022a\bin;C:\Program Files\Docker\Docker\resources\bin;C:\ProgramData\DockerDesktop\version-bin;C:\Program Files\nodejs\;C:\Users\antik\AppData\Local\Programs\Python\Python310\;C:\Users\antik\AppData\Local\Programs\Python\Python310\Scripts\;C:\Users\antik\AppData\Local\Programs\Python\Python310\Lib\site-packages;C:\Python27;C:\Users\antik\AppData\Local\Programs\Python\Python39\;C:\Users\antik\AppData\Local\Programs\Python\Python39\Scripts\;C:\Users\antik\AppData\Local\Programs\Python\Python39\Lib\site-packages;C:\cocos\cocos2d-x\templates;C:\cocos\cocos2d-x\tools\cocos2d-console\bin;C:\Program Files (x86)\Microsoft VS Code\bin;C:\MinGW\bin;C:\Program Files\Git\bin;C:\Program Files\Git\cmd;C:\Program Files\Notepad++;C:\Program Files\CMake\bin;C:\platform-tools;C:\Users\antik\AppData\Local\Microsoft\WindowsApps;C:\Users\antik\AppData\Roaming\npm;C:\Users\antik\AppData\Local\GitHubDesktop\bin;C:\Users\antik\.dotnet\tools
USERNAME=antik
OS=Windows_NT
PROCESSOR_IDENTIFIER=Intel64 Family 6 Model 158 Stepping 10, GenuineIntel



---------------  S Y S T E M  ---------------

OS: Windows 10 , 64 bit Build 19041 (10.0.19041.2364)
OS uptime: 4 days 11:58 hours
Hyper-V role detected

CPU:total 12 (initial active 12) (6 cores per cpu, 2 threads per core) family 6 model 158 stepping 10 microcode 0xb4, cmov, cx8, fxsr, mmx, sse, sse2, sse3, ssse3, sse4.1, sse4.2, popcnt, avx, avx2, aes, clmul, erms, rtm, 3dnowpref, lzcnt, ht, tsc, tscinvbit, bmi1, bmi2, adx, fma

Memory: 4k page, system-wide physical 16314M (2274M free)
TotalPageFile size 34261M (AvailPageFile size 4567M)
current process WorkingSet (physical memory assigned to process): 457M, peak: 459M
current process commit charge ("private bytes"): 538M, peak: 541M

vm_info: OpenJDK 64-Bit Server VM (11.0.15+0-b2043.56-9505619) for windows-amd64 JRE (11.0.15+0-b2043.56-9505619), built on Jan 19 2023 02:48:00 by "builduser" with unknown MS VC++:1929

END.
